ARM GAS  C:\Users\chiva\AppData\Local\Temp\ccnePcmk.s 			page 1


   1              		.syntax unified
   2              		.cpu cortex-m0
   3              		.fpu softvfp
   4              		.eabi_attribute 20, 1
   5              		.eabi_attribute 21, 1
   6              		.eabi_attribute 23, 3
   7              		.eabi_attribute 24, 1
   8              		.eabi_attribute 25, 1
   9              		.eabi_attribute 26, 1
  10              		.eabi_attribute 30, 1
  11              		.eabi_attribute 34, 0
  12              		.eabi_attribute 18, 4
  13              		.thumb
  14              		.syntax unified
  15              		.file	"BLE_1_custom.c"
  16              		.text
  17              	.Ltext0:
  18              		.cfi_sections	.debug_frame
  19              		.section	.text.CyBle_CustomInit,"ax",%progbits
  20              		.align	2
  21              		.global	CyBle_CustomInit
  22              		.code	16
  23              		.thumb_func
  24              		.type	CyBle_CustomInit, %function
  25              	CyBle_CustomInit:
  26              	.LFB2:
  27              		.file 1 "Generated_Source\\PSoC4\\BLE_1_custom.c"
   1:Generated_Source\PSoC4/BLE_1_custom.c **** /***************************************************************************//**
   2:Generated_Source\PSoC4/BLE_1_custom.c **** * \file CYBLE_custom.c
   3:Generated_Source\PSoC4/BLE_1_custom.c **** * \version 3.50
   4:Generated_Source\PSoC4/BLE_1_custom.c **** * 
   5:Generated_Source\PSoC4/BLE_1_custom.c **** * \brief
   6:Generated_Source\PSoC4/BLE_1_custom.c **** *  Contains the source code for the Custom Service.
   7:Generated_Source\PSoC4/BLE_1_custom.c **** * 
   8:Generated_Source\PSoC4/BLE_1_custom.c **** ********************************************************************************
   9:Generated_Source\PSoC4/BLE_1_custom.c **** * \copyright
  10:Generated_Source\PSoC4/BLE_1_custom.c **** * Copyright 2014-2018, Cypress Semiconductor Corporation.  All rights reserved.
  11:Generated_Source\PSoC4/BLE_1_custom.c **** * You may use this file only in accordance with the license, terms, conditions,
  12:Generated_Source\PSoC4/BLE_1_custom.c **** * disclaimers, and limitations in the end user license agreement accompanying
  13:Generated_Source\PSoC4/BLE_1_custom.c **** * the software package with which this file was provided.
  14:Generated_Source\PSoC4/BLE_1_custom.c **** *******************************************************************************/
  15:Generated_Source\PSoC4/BLE_1_custom.c **** 
  16:Generated_Source\PSoC4/BLE_1_custom.c **** 
  17:Generated_Source\PSoC4/BLE_1_custom.c **** #include "BLE_1_eventHandler.h"
  18:Generated_Source\PSoC4/BLE_1_custom.c **** 
  19:Generated_Source\PSoC4/BLE_1_custom.c **** #ifdef CYBLE_CUSTOM_SERVER
  20:Generated_Source\PSoC4/BLE_1_custom.c **** 
  21:Generated_Source\PSoC4/BLE_1_custom.c **** /* If any custom service with custom characteristics is defined in the
  22:Generated_Source\PSoC4/BLE_1_custom.c **** * customizer's GUI their handles will be present in this array.
  23:Generated_Source\PSoC4/BLE_1_custom.c **** */
  24:Generated_Source\PSoC4/BLE_1_custom.c **** /* This array contains attribute handles for the defined Custom Services and their characteristics 
  25:Generated_Source\PSoC4/BLE_1_custom.c ****    The array index definitions are located in the CYBLE_custom.h file. */
  26:Generated_Source\PSoC4/BLE_1_custom.c **** const CYBLE_CUSTOMS_T cyBle_customs[0x01u] = {
  27:Generated_Source\PSoC4/BLE_1_custom.c **** 
  28:Generated_Source\PSoC4/BLE_1_custom.c ****     /* Custom Service service */
  29:Generated_Source\PSoC4/BLE_1_custom.c ****     {
  30:Generated_Source\PSoC4/BLE_1_custom.c ****         0x0010u, /* Handle of the Custom Service service */ 
ARM GAS  C:\Users\chiva\AppData\Local\Temp\ccnePcmk.s 			page 2


  31:Generated_Source\PSoC4/BLE_1_custom.c ****         {
  32:Generated_Source\PSoC4/BLE_1_custom.c **** 
  33:Generated_Source\PSoC4/BLE_1_custom.c ****             /* Custom Characteristic characteristic */
  34:Generated_Source\PSoC4/BLE_1_custom.c ****             {
  35:Generated_Source\PSoC4/BLE_1_custom.c ****                 0x0012u, /* Handle of the Custom Characteristic characteristic */ 
  36:Generated_Source\PSoC4/BLE_1_custom.c ****                 
  37:Generated_Source\PSoC4/BLE_1_custom.c ****                 /* Array of Descriptors handles */
  38:Generated_Source\PSoC4/BLE_1_custom.c ****                 {
  39:Generated_Source\PSoC4/BLE_1_custom.c ****                     0x0013u, /* Handle of the Custom Descriptor descriptor */ 
  40:Generated_Source\PSoC4/BLE_1_custom.c ****                 }, 
  41:Generated_Source\PSoC4/BLE_1_custom.c ****             },
  42:Generated_Source\PSoC4/BLE_1_custom.c ****         }, 
  43:Generated_Source\PSoC4/BLE_1_custom.c ****     },
  44:Generated_Source\PSoC4/BLE_1_custom.c **** };
  45:Generated_Source\PSoC4/BLE_1_custom.c **** 
  46:Generated_Source\PSoC4/BLE_1_custom.c **** 
  47:Generated_Source\PSoC4/BLE_1_custom.c **** #endif /* (CYBLE_CUSTOM_SERVER) */
  48:Generated_Source\PSoC4/BLE_1_custom.c **** 
  49:Generated_Source\PSoC4/BLE_1_custom.c **** #ifdef CYBLE_CUSTOM_CLIENT
  50:Generated_Source\PSoC4/BLE_1_custom.c ****     
  51:Generated_Source\PSoC4/BLE_1_custom.c **** 
  52:Generated_Source\PSoC4/BLE_1_custom.c **** static uint16 cyBle_customDisServIndex;
  53:Generated_Source\PSoC4/BLE_1_custom.c **** static uint16 cyBle_customDisCharIndex;
  54:Generated_Source\PSoC4/BLE_1_custom.c **** 
  55:Generated_Source\PSoC4/BLE_1_custom.c **** #endif /* (CYBLE_CUSTOM_CLIENT) */
  56:Generated_Source\PSoC4/BLE_1_custom.c **** 
  57:Generated_Source\PSoC4/BLE_1_custom.c **** 
  58:Generated_Source\PSoC4/BLE_1_custom.c **** /****************************************************************************** 
  59:Generated_Source\PSoC4/BLE_1_custom.c **** * Function Name: CyBle_CustomInit
  60:Generated_Source\PSoC4/BLE_1_custom.c **** ***************************************************************************//**
  61:Generated_Source\PSoC4/BLE_1_custom.c **** * 
  62:Generated_Source\PSoC4/BLE_1_custom.c **** *  This function initializes Custom Service.
  63:Generated_Source\PSoC4/BLE_1_custom.c **** * 
  64:Generated_Source\PSoC4/BLE_1_custom.c **** * \return
  65:Generated_Source\PSoC4/BLE_1_custom.c **** *  None
  66:Generated_Source\PSoC4/BLE_1_custom.c **** * 
  67:Generated_Source\PSoC4/BLE_1_custom.c **** ******************************************************************************/
  68:Generated_Source\PSoC4/BLE_1_custom.c **** void CyBle_CustomInit(void)
  69:Generated_Source\PSoC4/BLE_1_custom.c **** {
  28              		.loc 1 69 0
  29              		.cfi_startproc
  30              		@ args = 0, pretend = 0, frame = 0
  31              		@ frame_needed = 0, uses_anonymous_args = 0
  32              		@ link register save eliminated.
  70:Generated_Source\PSoC4/BLE_1_custom.c ****     
  71:Generated_Source\PSoC4/BLE_1_custom.c **** #ifdef CYBLE_CUSTOM_CLIENT
  72:Generated_Source\PSoC4/BLE_1_custom.c **** 
  73:Generated_Source\PSoC4/BLE_1_custom.c ****     uint16 locServIndex;
  74:Generated_Source\PSoC4/BLE_1_custom.c ****     uint16 locCharIndex;
  75:Generated_Source\PSoC4/BLE_1_custom.c ****     uint16 locDescIndex;
  76:Generated_Source\PSoC4/BLE_1_custom.c ****     
  77:Generated_Source\PSoC4/BLE_1_custom.c ****     for(locServIndex = 0u; locServIndex < CYBLE_CUSTOMC_SERVICE_COUNT; locServIndex++)
  78:Generated_Source\PSoC4/BLE_1_custom.c ****     {
  79:Generated_Source\PSoC4/BLE_1_custom.c ****         if(cyBle_serverInfo[CYBLE_SRVI_CUSTOMS + locServIndex].range.startHandle == CYBLE_GATT_INVA
  80:Generated_Source\PSoC4/BLE_1_custom.c ****         {
  81:Generated_Source\PSoC4/BLE_1_custom.c ****             for(locCharIndex = 0u; locCharIndex < cyBle_customCServ[locServIndex].charCount; locCha
  82:Generated_Source\PSoC4/BLE_1_custom.c ****             {
ARM GAS  C:\Users\chiva\AppData\Local\Temp\ccnePcmk.s 			page 3


  83:Generated_Source\PSoC4/BLE_1_custom.c ****                 cyBle_customCServ[locServIndex].customServChar[locCharIndex].
  84:Generated_Source\PSoC4/BLE_1_custom.c ****                     customServCharHandle = 0u;
  85:Generated_Source\PSoC4/BLE_1_custom.c ****                 
  86:Generated_Source\PSoC4/BLE_1_custom.c ****                 for(locDescIndex = 0u; locDescIndex < 
  87:Generated_Source\PSoC4/BLE_1_custom.c ****                     cyBle_customCServ[locServIndex].customServChar[locCharIndex].descCount; 
  88:Generated_Source\PSoC4/BLE_1_custom.c ****                         locDescIndex++)
  89:Generated_Source\PSoC4/BLE_1_custom.c ****                 {
  90:Generated_Source\PSoC4/BLE_1_custom.c ****                     cyBle_customCServ[locServIndex].customServChar[locCharIndex].
  91:Generated_Source\PSoC4/BLE_1_custom.c ****                         customServCharDesc[locDescIndex].descHandle = 0u;
  92:Generated_Source\PSoC4/BLE_1_custom.c ****                 }
  93:Generated_Source\PSoC4/BLE_1_custom.c ****             }
  94:Generated_Source\PSoC4/BLE_1_custom.c ****         }
  95:Generated_Source\PSoC4/BLE_1_custom.c ****     }
  96:Generated_Source\PSoC4/BLE_1_custom.c **** 
  97:Generated_Source\PSoC4/BLE_1_custom.c **** #endif /* (CYBLE_CUSTOM_CLIENT) */
  98:Generated_Source\PSoC4/BLE_1_custom.c **** }
  33              		.loc 1 98 0
  34              		@ sp needed
  35 0000 7047     		bx	lr
  36              		.cfi_endproc
  37              	.LFE2:
  38              		.size	CyBle_CustomInit, .-CyBle_CustomInit
  39              		.global	cyBle_customs
  40 0002 C046     		.section	.rodata
  41              		.align	2
  42              		.type	cyBle_customs, %object
  43              		.size	cyBle_customs, 6
  44              	cyBle_customs:
  45 0000 1000     		.short	16
  46 0002 1200     		.short	18
  47 0004 1300     		.short	19
  48              		.text
  49              	.Letext0:
  50              		.file 2 "Generated_Source\\PSoC4\\cytypes.h"
  51              		.file 3 "Generated_Source\\PSoC4\\BLE_1_StackGatt.h"
  52              		.file 4 "Generated_Source\\PSoC4\\BLE_1_custom.h"
  53              		.file 5 "Generated_Source\\PSoC4\\BLE_1_Stack.h"
  54              		.section	.debug_info,"",%progbits
  55              	.Ldebug_info0:
  56 0000 15030000 		.4byte	0x315
  57 0004 0400     		.2byte	0x4
  58 0006 00000000 		.4byte	.Ldebug_abbrev0
  59 000a 04       		.byte	0x4
  60 000b 01       		.uleb128 0x1
  61 000c 11020000 		.4byte	.LASF94
  62 0010 0C       		.byte	0xc
  63 0011 09030000 		.4byte	.LASF95
  64 0015 23010000 		.4byte	.LASF96
  65 0019 00000000 		.4byte	.Ldebug_ranges0+0
  66 001d 00000000 		.4byte	0
  67 0021 00000000 		.4byte	.Ldebug_line0
  68 0025 02       		.uleb128 0x2
  69 0026 01       		.byte	0x1
  70 0027 06       		.byte	0x6
  71 0028 D7050000 		.4byte	.LASF0
  72 002c 02       		.uleb128 0x2
  73 002d 01       		.byte	0x1
ARM GAS  C:\Users\chiva\AppData\Local\Temp\ccnePcmk.s 			page 4


  74 002e 08       		.byte	0x8
  75 002f 5E050000 		.4byte	.LASF1
  76 0033 02       		.uleb128 0x2
  77 0034 02       		.byte	0x2
  78 0035 05       		.byte	0x5
  79 0036 B7000000 		.4byte	.LASF2
  80 003a 02       		.uleb128 0x2
  81 003b 02       		.byte	0x2
  82 003c 07       		.byte	0x7
  83 003d B7070000 		.4byte	.LASF3
  84 0041 02       		.uleb128 0x2
  85 0042 04       		.byte	0x4
  86 0043 05       		.byte	0x5
  87 0044 06040000 		.4byte	.LASF4
  88 0048 02       		.uleb128 0x2
  89 0049 04       		.byte	0x4
  90 004a 07       		.byte	0x7
  91 004b 68060000 		.4byte	.LASF5
  92 004f 02       		.uleb128 0x2
  93 0050 08       		.byte	0x8
  94 0051 05       		.byte	0x5
  95 0052 66010000 		.4byte	.LASF6
  96 0056 02       		.uleb128 0x2
  97 0057 08       		.byte	0x8
  98 0058 07       		.byte	0x7
  99 0059 B9030000 		.4byte	.LASF7
 100 005d 03       		.uleb128 0x3
 101 005e 04       		.byte	0x4
 102 005f 05       		.byte	0x5
 103 0060 696E7400 		.ascii	"int\000"
 104 0064 02       		.uleb128 0x2
 105 0065 04       		.byte	0x4
 106 0066 07       		.byte	0x7
 107 0067 40060000 		.4byte	.LASF8
 108 006b 04       		.uleb128 0x4
 109 006c EE070000 		.4byte	.LASF86
 110 0070 02       		.byte	0x2
 111 0071 E501     		.2byte	0x1e5
 112 0073 3A000000 		.4byte	0x3a
 113 0077 02       		.uleb128 0x2
 114 0078 04       		.byte	0x4
 115 0079 04       		.byte	0x4
 116 007a 50030000 		.4byte	.LASF9
 117 007e 02       		.uleb128 0x2
 118 007f 08       		.byte	0x8
 119 0080 04       		.byte	0x4
 120 0081 92080000 		.4byte	.LASF10
 121 0085 02       		.uleb128 0x2
 122 0086 01       		.byte	0x1
 123 0087 08       		.byte	0x8
 124 0088 96070000 		.4byte	.LASF11
 125 008c 02       		.uleb128 0x2
 126 008d 08       		.byte	0x8
 127 008e 04       		.byte	0x4
 128 008f 2C050000 		.4byte	.LASF12
 129 0093 02       		.uleb128 0x2
 130 0094 04       		.byte	0x4
ARM GAS  C:\Users\chiva\AppData\Local\Temp\ccnePcmk.s 			page 5


 131 0095 07       		.byte	0x7
 132 0096 F9000000 		.4byte	.LASF13
 133 009a 05       		.uleb128 0x5
 134 009b 01       		.byte	0x1
 135 009c 2C000000 		.4byte	0x2c
 136 00a0 05       		.byte	0x5
 137 00a1 3201     		.2byte	0x132
 138 00a3 58020000 		.4byte	0x258
 139 00a7 06       		.uleb128 0x6
 140 00a8 F2020000 		.4byte	.LASF14
 141 00ac 00       		.byte	0
 142 00ad 06       		.uleb128 0x6
 143 00ae AB010000 		.4byte	.LASF15
 144 00b2 01       		.byte	0x1
 145 00b3 06       		.uleb128 0x6
 146 00b4 120A0000 		.4byte	.LASF16
 147 00b8 02       		.byte	0x2
 148 00b9 06       		.uleb128 0x6
 149 00ba EE080000 		.4byte	.LASF17
 150 00be 03       		.byte	0x3
 151 00bf 06       		.uleb128 0x6
 152 00c0 85010000 		.4byte	.LASF18
 153 00c4 04       		.byte	0x4
 154 00c5 06       		.uleb128 0x6
 155 00c6 98040000 		.4byte	.LASF19
 156 00ca 05       		.byte	0x5
 157 00cb 06       		.uleb128 0x6
 158 00cc 3E000000 		.4byte	.LASF20
 159 00d0 06       		.byte	0x6
 160 00d1 06       		.uleb128 0x6
 161 00d2 CA070000 		.4byte	.LASF21
 162 00d6 20       		.byte	0x20
 163 00d7 06       		.uleb128 0x6
 164 00d8 7A060000 		.4byte	.LASF22
 165 00dc 21       		.byte	0x21
 166 00dd 06       		.uleb128 0x6
 167 00de 00000000 		.4byte	.LASF23
 168 00e2 22       		.byte	0x22
 169 00e3 06       		.uleb128 0x6
 170 00e4 B4040000 		.4byte	.LASF24
 171 00e8 23       		.byte	0x23
 172 00e9 06       		.uleb128 0x6
 173 00ea 24060000 		.4byte	.LASF25
 174 00ee 24       		.byte	0x24
 175 00ef 06       		.uleb128 0x6
 176 00f0 C1000000 		.4byte	.LASF26
 177 00f4 25       		.byte	0x25
 178 00f5 06       		.uleb128 0x6
 179 00f6 4F040000 		.4byte	.LASF27
 180 00fa 26       		.byte	0x26
 181 00fb 06       		.uleb128 0x6
 182 00fc 30040000 		.4byte	.LASF28
 183 0100 27       		.byte	0x27
 184 0101 06       		.uleb128 0x6
 185 0102 71000000 		.4byte	.LASF29
 186 0106 28       		.byte	0x28
 187 0107 06       		.uleb128 0x6
ARM GAS  C:\Users\chiva\AppData\Local\Temp\ccnePcmk.s 			page 6


 188 0108 B2060000 		.4byte	.LASF30
 189 010c 29       		.byte	0x29
 190 010d 06       		.uleb128 0x6
 191 010e 46070000 		.4byte	.LASF31
 192 0112 2A       		.byte	0x2a
 193 0113 06       		.uleb128 0x6
 194 0114 32080000 		.4byte	.LASF32
 195 0118 2B       		.byte	0x2b
 196 0119 06       		.uleb128 0x6
 197 011a 0A070000 		.4byte	.LASF33
 198 011e 2C       		.byte	0x2c
 199 011f 06       		.uleb128 0x6
 200 0120 6F030000 		.4byte	.LASF34
 201 0124 2D       		.byte	0x2d
 202 0125 06       		.uleb128 0x6
 203 0126 93000000 		.4byte	.LASF35
 204 012a 2E       		.byte	0x2e
 205 012b 06       		.uleb128 0x6
 206 012c FC0A0000 		.4byte	.LASF36
 207 0130 2F       		.byte	0x2f
 208 0131 06       		.uleb128 0x6
 209 0132 02010000 		.4byte	.LASF37
 210 0136 30       		.byte	0x30
 211 0137 06       		.uleb128 0x6
 212 0138 08050000 		.4byte	.LASF38
 213 013c 31       		.byte	0x31
 214 013d 06       		.uleb128 0x6
 215 013e 98030000 		.4byte	.LASF39
 216 0142 32       		.byte	0x32
 217 0143 06       		.uleb128 0x6
 218 0144 6F070000 		.4byte	.LASF40
 219 0148 33       		.byte	0x33
 220 0149 06       		.uleb128 0x6
 221 014a CF060000 		.4byte	.LASF41
 222 014e 34       		.byte	0x34
 223 014f 06       		.uleb128 0x6
 224 0150 D1080000 		.4byte	.LASF42
 225 0154 35       		.byte	0x35
 226 0155 06       		.uleb128 0x6
 227 0156 E5030000 		.4byte	.LASF43
 228 015a 36       		.byte	0x36
 229 015b 06       		.uleb128 0x6
 230 015c BE010000 		.4byte	.LASF44
 231 0160 37       		.byte	0x37
 232 0161 06       		.uleb128 0x6
 233 0162 57000000 		.4byte	.LASF45
 234 0166 40       		.byte	0x40
 235 0167 06       		.uleb128 0x6
 236 0168 4D060000 		.4byte	.LASF46
 237 016c 41       		.byte	0x41
 238 016d 06       		.uleb128 0x6
 239 016e DB000000 		.4byte	.LASF47
 240 0172 42       		.byte	0x42
 241 0173 06       		.uleb128 0x6
 242 0174 F3010000 		.4byte	.LASF48
 243 0178 43       		.byte	0x43
 244 0179 06       		.uleb128 0x6
ARM GAS  C:\Users\chiva\AppData\Local\Temp\ccnePcmk.s 			page 7


 245 017a D0090000 		.4byte	.LASF49
 246 017e 44       		.byte	0x44
 247 017f 06       		.uleb128 0x6
 248 0180 6A090000 		.4byte	.LASF50
 249 0184 45       		.byte	0x45
 250 0185 06       		.uleb128 0x6
 251 0186 AF090000 		.4byte	.LASF51
 252 018a 46       		.byte	0x46
 253 018b 06       		.uleb128 0x6
 254 018c B9050000 		.4byte	.LASF52
 255 0190 47       		.byte	0x47
 256 0191 06       		.uleb128 0x6
 257 0192 FD050000 		.4byte	.LASF53
 258 0196 48       		.byte	0x48
 259 0197 06       		.uleb128 0x6
 260 0198 56030000 		.4byte	.LASF54
 261 019c 49       		.byte	0x49
 262 019d 06       		.uleb128 0x6
 263 019e F5070000 		.4byte	.LASF55
 264 01a2 4A       		.byte	0x4a
 265 01a3 06       		.uleb128 0x6
 266 01a4 B2020000 		.4byte	.LASF56
 267 01a8 4B       		.byte	0x4b
 268 01a9 06       		.uleb128 0x6
 269 01aa E3050000 		.4byte	.LASF57
 270 01ae 4C       		.byte	0x4c
 271 01af 06       		.uleb128 0x6
 272 01b0 24000000 		.4byte	.LASF58
 273 01b4 4D       		.byte	0x4d
 274 01b5 06       		.uleb128 0x6
 275 01b6 91090000 		.4byte	.LASF59
 276 01ba 4E       		.byte	0x4e
 277 01bb 06       		.uleb128 0x6
 278 01bc 7B050000 		.4byte	.LASF60
 279 01c0 4F       		.byte	0x4f
 280 01c1 06       		.uleb128 0x6
 281 01c2 7D0A0000 		.4byte	.LASF61
 282 01c6 50       		.byte	0x50
 283 01c7 06       		.uleb128 0x6
 284 01c8 13080000 		.4byte	.LASF62
 285 01cc 51       		.byte	0x51
 286 01cd 06       		.uleb128 0x6
 287 01ce 77040000 		.4byte	.LASF63
 288 01d2 52       		.byte	0x52
 289 01d3 06       		.uleb128 0x6
 290 01d4 0F040000 		.4byte	.LASF64
 291 01d8 53       		.byte	0x53
 292 01d9 06       		.uleb128 0x6
 293 01da D1020000 		.4byte	.LASF65
 294 01de 54       		.byte	0x54
 295 01df 06       		.uleb128 0x6
 296 01e0 C60A0000 		.4byte	.LASF66
 297 01e4 55       		.byte	0x55
 298 01e5 06       		.uleb128 0x6
 299 01e6 5B0A0000 		.4byte	.LASF67
 300 01ea 56       		.byte	0x56
 301 01eb 06       		.uleb128 0x6
ARM GAS  C:\Users\chiva\AppData\Local\Temp\ccnePcmk.s 			page 8


 302 01ec 320A0000 		.4byte	.LASF68
 303 01f0 57       		.byte	0x57
 304 01f1 06       		.uleb128 0x6
 305 01f2 E7060000 		.4byte	.LASF69
 306 01f6 58       		.byte	0x58
 307 01f7 06       		.uleb128 0x6
 308 01f8 38050000 		.4byte	.LASF70
 309 01fc 70       		.byte	0x70
 310 01fd 06       		.uleb128 0x6
 311 01fe 26090000 		.4byte	.LASF71
 312 0202 71       		.byte	0x71
 313 0203 06       		.uleb128 0x6
 314 0204 9B070000 		.4byte	.LASF72
 315 0208 72       		.byte	0x72
 316 0209 06       		.uleb128 0x6
 317 020a 4C090000 		.4byte	.LASF73
 318 020e 73       		.byte	0x73
 319 020f 06       		.uleb128 0x6
 320 0210 EA040000 		.4byte	.LASF74
 321 0214 74       		.byte	0x74
 322 0215 06       		.uleb128 0x6
 323 0216 91060000 		.4byte	.LASF75
 324 021a 75       		.byte	0x75
 325 021b 06       		.uleb128 0x6
 326 021c 2F030000 		.4byte	.LASF76
 327 0220 76       		.byte	0x76
 328 0221 06       		.uleb128 0x6
 329 0222 07090000 		.4byte	.LASF77
 330 0226 77       		.byte	0x77
 331 0227 06       		.uleb128 0x6
 332 0228 6F080000 		.4byte	.LASF78
 333 022c 78       		.byte	0x78
 334 022d 06       		.uleb128 0x6
 335 022e 99080000 		.4byte	.LASF79
 336 0232 79       		.byte	0x79
 337 0233 06       		.uleb128 0x6
 338 0234 EE090000 		.4byte	.LASF80
 339 0238 7A       		.byte	0x7a
 340 0239 06       		.uleb128 0x6
 341 023a 51080000 		.4byte	.LASF81
 342 023e FA       		.byte	0xfa
 343 023f 06       		.uleb128 0x6
 344 0240 9A050000 		.4byte	.LASF82
 345 0244 FB       		.byte	0xfb
 346 0245 06       		.uleb128 0x6
 347 0246 EA0A0000 		.4byte	.LASF83
 348 024a FC       		.byte	0xfc
 349 024b 06       		.uleb128 0x6
 350 024c 2E070000 		.4byte	.LASF84
 351 0250 FD       		.byte	0xfd
 352 0251 06       		.uleb128 0x6
 353 0252 240A0000 		.4byte	.LASF85
 354 0256 FF       		.byte	0xff
 355 0257 00       		.byte	0
 356 0258 04       		.uleb128 0x4
 357 0259 9C0A0000 		.4byte	.LASF87
 358 025d 03       		.byte	0x3
ARM GAS  C:\Users\chiva\AppData\Local\Temp\ccnePcmk.s 			page 9


 359 025e 8901     		.2byte	0x189
 360 0260 6B000000 		.4byte	0x6b
 361 0264 07       		.uleb128 0x7
 362 0265 04       		.byte	0x4
 363 0266 04       		.byte	0x4
 364 0267 41       		.byte	0x41
 365 0268 85020000 		.4byte	0x285
 366 026c 08       		.uleb128 0x8
 367 026d BC080000 		.4byte	.LASF88
 368 0271 04       		.byte	0x4
 369 0272 44       		.byte	0x44
 370 0273 58020000 		.4byte	0x258
 371 0277 00       		.byte	0
 372 0278 08       		.uleb128 0x8
 373 0279 9F020000 		.4byte	.LASF89
 374 027d 04       		.byte	0x4
 375 027e 46       		.byte	0x46
 376 027f 85020000 		.4byte	0x285
 377 0283 02       		.byte	0x2
 378 0284 00       		.byte	0
 379 0285 09       		.uleb128 0x9
 380 0286 58020000 		.4byte	0x258
 381 028a 95020000 		.4byte	0x295
 382 028e 0A       		.uleb128 0xa
 383 028f 93000000 		.4byte	0x93
 384 0293 00       		.byte	0
 385 0294 00       		.byte	0
 386 0295 0B       		.uleb128 0xb
 387 0296 D0030000 		.4byte	.LASF90
 388 029a 04       		.byte	0x4
 389 029b 48       		.byte	0x48
 390 029c 64020000 		.4byte	0x264
 391 02a0 07       		.uleb128 0x7
 392 02a1 06       		.byte	0x6
 393 02a2 04       		.byte	0x4
 394 02a3 4B       		.byte	0x4b
 395 02a4 C1020000 		.4byte	0x2c1
 396 02a8 08       		.uleb128 0x8
 397 02a9 74010000 		.4byte	.LASF91
 398 02ad 04       		.byte	0x4
 399 02ae 4E       		.byte	0x4e
 400 02af 58020000 		.4byte	0x258
 401 02b3 00       		.byte	0
 402 02b4 08       		.uleb128 0x8
 403 02b5 6C050000 		.4byte	.LASF92
 404 02b9 04       		.byte	0x4
 405 02ba 51       		.byte	0x51
 406 02bb C1020000 		.4byte	0x2c1
 407 02bf 02       		.byte	0x2
 408 02c0 00       		.byte	0
 409 02c1 09       		.uleb128 0x9
 410 02c2 95020000 		.4byte	0x295
 411 02c6 D1020000 		.4byte	0x2d1
 412 02ca 0A       		.uleb128 0xa
 413 02cb 93000000 		.4byte	0x93
 414 02cf 00       		.byte	0
 415 02d0 00       		.byte	0
ARM GAS  C:\Users\chiva\AppData\Local\Temp\ccnePcmk.s 			page 10


 416 02d1 0B       		.uleb128 0xb
 417 02d2 DA040000 		.4byte	.LASF93
 418 02d6 04       		.byte	0x4
 419 02d7 53       		.byte	0x53
 420 02d8 A0020000 		.4byte	0x2a0
 421 02dc 0C       		.uleb128 0xc
 422 02dd 9A010000 		.4byte	.LASF97
 423 02e1 01       		.byte	0x1
 424 02e2 44       		.byte	0x44
 425 02e3 00000000 		.4byte	.LFB2
 426 02e7 02000000 		.4byte	.LFE2-.LFB2
 427 02eb 01       		.uleb128 0x1
 428 02ec 9C       		.byte	0x9c
 429 02ed 09       		.uleb128 0x9
 430 02ee FD020000 		.4byte	0x2fd
 431 02f2 FD020000 		.4byte	0x2fd
 432 02f6 0A       		.uleb128 0xa
 433 02f7 93000000 		.4byte	0x93
 434 02fb 00       		.byte	0
 435 02fc 00       		.byte	0
 436 02fd 0D       		.uleb128 0xd
 437 02fe D1020000 		.4byte	0x2d1
 438 0302 0E       		.uleb128 0xe
 439 0303 B80A0000 		.4byte	.LASF98
 440 0307 01       		.byte	0x1
 441 0308 1A       		.byte	0x1a
 442 0309 13030000 		.4byte	0x313
 443 030d 05       		.uleb128 0x5
 444 030e 03       		.byte	0x3
 445 030f 00000000 		.4byte	cyBle_customs
 446 0313 0D       		.uleb128 0xd
 447 0314 ED020000 		.4byte	0x2ed
 448 0318 00       		.byte	0
 449              		.section	.debug_abbrev,"",%progbits
 450              	.Ldebug_abbrev0:
 451 0000 01       		.uleb128 0x1
 452 0001 11       		.uleb128 0x11
 453 0002 01       		.byte	0x1
 454 0003 25       		.uleb128 0x25
 455 0004 0E       		.uleb128 0xe
 456 0005 13       		.uleb128 0x13
 457 0006 0B       		.uleb128 0xb
 458 0007 03       		.uleb128 0x3
 459 0008 0E       		.uleb128 0xe
 460 0009 1B       		.uleb128 0x1b
 461 000a 0E       		.uleb128 0xe
 462 000b 55       		.uleb128 0x55
 463 000c 17       		.uleb128 0x17
 464 000d 11       		.uleb128 0x11
 465 000e 01       		.uleb128 0x1
 466 000f 10       		.uleb128 0x10
 467 0010 17       		.uleb128 0x17
 468 0011 00       		.byte	0
 469 0012 00       		.byte	0
 470 0013 02       		.uleb128 0x2
 471 0014 24       		.uleb128 0x24
 472 0015 00       		.byte	0
ARM GAS  C:\Users\chiva\AppData\Local\Temp\ccnePcmk.s 			page 11


 473 0016 0B       		.uleb128 0xb
 474 0017 0B       		.uleb128 0xb
 475 0018 3E       		.uleb128 0x3e
 476 0019 0B       		.uleb128 0xb
 477 001a 03       		.uleb128 0x3
 478 001b 0E       		.uleb128 0xe
 479 001c 00       		.byte	0
 480 001d 00       		.byte	0
 481 001e 03       		.uleb128 0x3
 482 001f 24       		.uleb128 0x24
 483 0020 00       		.byte	0
 484 0021 0B       		.uleb128 0xb
 485 0022 0B       		.uleb128 0xb
 486 0023 3E       		.uleb128 0x3e
 487 0024 0B       		.uleb128 0xb
 488 0025 03       		.uleb128 0x3
 489 0026 08       		.uleb128 0x8
 490 0027 00       		.byte	0
 491 0028 00       		.byte	0
 492 0029 04       		.uleb128 0x4
 493 002a 16       		.uleb128 0x16
 494 002b 00       		.byte	0
 495 002c 03       		.uleb128 0x3
 496 002d 0E       		.uleb128 0xe
 497 002e 3A       		.uleb128 0x3a
 498 002f 0B       		.uleb128 0xb
 499 0030 3B       		.uleb128 0x3b
 500 0031 05       		.uleb128 0x5
 501 0032 49       		.uleb128 0x49
 502 0033 13       		.uleb128 0x13
 503 0034 00       		.byte	0
 504 0035 00       		.byte	0
 505 0036 05       		.uleb128 0x5
 506 0037 04       		.uleb128 0x4
 507 0038 01       		.byte	0x1
 508 0039 0B       		.uleb128 0xb
 509 003a 0B       		.uleb128 0xb
 510 003b 49       		.uleb128 0x49
 511 003c 13       		.uleb128 0x13
 512 003d 3A       		.uleb128 0x3a
 513 003e 0B       		.uleb128 0xb
 514 003f 3B       		.uleb128 0x3b
 515 0040 05       		.uleb128 0x5
 516 0041 01       		.uleb128 0x1
 517 0042 13       		.uleb128 0x13
 518 0043 00       		.byte	0
 519 0044 00       		.byte	0
 520 0045 06       		.uleb128 0x6
 521 0046 28       		.uleb128 0x28
 522 0047 00       		.byte	0
 523 0048 03       		.uleb128 0x3
 524 0049 0E       		.uleb128 0xe
 525 004a 1C       		.uleb128 0x1c
 526 004b 0B       		.uleb128 0xb
 527 004c 00       		.byte	0
 528 004d 00       		.byte	0
 529 004e 07       		.uleb128 0x7
ARM GAS  C:\Users\chiva\AppData\Local\Temp\ccnePcmk.s 			page 12


 530 004f 13       		.uleb128 0x13
 531 0050 01       		.byte	0x1
 532 0051 0B       		.uleb128 0xb
 533 0052 0B       		.uleb128 0xb
 534 0053 3A       		.uleb128 0x3a
 535 0054 0B       		.uleb128 0xb
 536 0055 3B       		.uleb128 0x3b
 537 0056 0B       		.uleb128 0xb
 538 0057 01       		.uleb128 0x1
 539 0058 13       		.uleb128 0x13
 540 0059 00       		.byte	0
 541 005a 00       		.byte	0
 542 005b 08       		.uleb128 0x8
 543 005c 0D       		.uleb128 0xd
 544 005d 00       		.byte	0
 545 005e 03       		.uleb128 0x3
 546 005f 0E       		.uleb128 0xe
 547 0060 3A       		.uleb128 0x3a
 548 0061 0B       		.uleb128 0xb
 549 0062 3B       		.uleb128 0x3b
 550 0063 0B       		.uleb128 0xb
 551 0064 49       		.uleb128 0x49
 552 0065 13       		.uleb128 0x13
 553 0066 38       		.uleb128 0x38
 554 0067 0B       		.uleb128 0xb
 555 0068 00       		.byte	0
 556 0069 00       		.byte	0
 557 006a 09       		.uleb128 0x9
 558 006b 01       		.uleb128 0x1
 559 006c 01       		.byte	0x1
 560 006d 49       		.uleb128 0x49
 561 006e 13       		.uleb128 0x13
 562 006f 01       		.uleb128 0x1
 563 0070 13       		.uleb128 0x13
 564 0071 00       		.byte	0
 565 0072 00       		.byte	0
 566 0073 0A       		.uleb128 0xa
 567 0074 21       		.uleb128 0x21
 568 0075 00       		.byte	0
 569 0076 49       		.uleb128 0x49
 570 0077 13       		.uleb128 0x13
 571 0078 2F       		.uleb128 0x2f
 572 0079 0B       		.uleb128 0xb
 573 007a 00       		.byte	0
 574 007b 00       		.byte	0
 575 007c 0B       		.uleb128 0xb
 576 007d 16       		.uleb128 0x16
 577 007e 00       		.byte	0
 578 007f 03       		.uleb128 0x3
 579 0080 0E       		.uleb128 0xe
 580 0081 3A       		.uleb128 0x3a
 581 0082 0B       		.uleb128 0xb
 582 0083 3B       		.uleb128 0x3b
 583 0084 0B       		.uleb128 0xb
 584 0085 49       		.uleb128 0x49
 585 0086 13       		.uleb128 0x13
 586 0087 00       		.byte	0
ARM GAS  C:\Users\chiva\AppData\Local\Temp\ccnePcmk.s 			page 13


 587 0088 00       		.byte	0
 588 0089 0C       		.uleb128 0xc
 589 008a 2E       		.uleb128 0x2e
 590 008b 00       		.byte	0
 591 008c 3F       		.uleb128 0x3f
 592 008d 19       		.uleb128 0x19
 593 008e 03       		.uleb128 0x3
 594 008f 0E       		.uleb128 0xe
 595 0090 3A       		.uleb128 0x3a
 596 0091 0B       		.uleb128 0xb
 597 0092 3B       		.uleb128 0x3b
 598 0093 0B       		.uleb128 0xb
 599 0094 27       		.uleb128 0x27
 600 0095 19       		.uleb128 0x19
 601 0096 11       		.uleb128 0x11
 602 0097 01       		.uleb128 0x1
 603 0098 12       		.uleb128 0x12
 604 0099 06       		.uleb128 0x6
 605 009a 40       		.uleb128 0x40
 606 009b 18       		.uleb128 0x18
 607 009c 9742     		.uleb128 0x2117
 608 009e 19       		.uleb128 0x19
 609 009f 00       		.byte	0
 610 00a0 00       		.byte	0
 611 00a1 0D       		.uleb128 0xd
 612 00a2 26       		.uleb128 0x26
 613 00a3 00       		.byte	0
 614 00a4 49       		.uleb128 0x49
 615 00a5 13       		.uleb128 0x13
 616 00a6 00       		.byte	0
 617 00a7 00       		.byte	0
 618 00a8 0E       		.uleb128 0xe
 619 00a9 34       		.uleb128 0x34
 620 00aa 00       		.byte	0
 621 00ab 03       		.uleb128 0x3
 622 00ac 0E       		.uleb128 0xe
 623 00ad 3A       		.uleb128 0x3a
 624 00ae 0B       		.uleb128 0xb
 625 00af 3B       		.uleb128 0x3b
 626 00b0 0B       		.uleb128 0xb
 627 00b1 49       		.uleb128 0x49
 628 00b2 13       		.uleb128 0x13
 629 00b3 3F       		.uleb128 0x3f
 630 00b4 19       		.uleb128 0x19
 631 00b5 02       		.uleb128 0x2
 632 00b6 18       		.uleb128 0x18
 633 00b7 00       		.byte	0
 634 00b8 00       		.byte	0
 635 00b9 00       		.byte	0
 636              		.section	.debug_aranges,"",%progbits
 637 0000 1C000000 		.4byte	0x1c
 638 0004 0200     		.2byte	0x2
 639 0006 00000000 		.4byte	.Ldebug_info0
 640 000a 04       		.byte	0x4
 641 000b 00       		.byte	0
 642 000c 0000     		.2byte	0
 643 000e 0000     		.2byte	0
ARM GAS  C:\Users\chiva\AppData\Local\Temp\ccnePcmk.s 			page 14


 644 0010 00000000 		.4byte	.LFB2
 645 0014 02000000 		.4byte	.LFE2-.LFB2
 646 0018 00000000 		.4byte	0
 647 001c 00000000 		.4byte	0
 648              		.section	.debug_ranges,"",%progbits
 649              	.Ldebug_ranges0:
 650 0000 00000000 		.4byte	.LFB2
 651 0004 02000000 		.4byte	.LFE2
 652 0008 00000000 		.4byte	0
 653 000c 00000000 		.4byte	0
 654              		.section	.debug_line,"",%progbits
 655              	.Ldebug_line0:
 656 0000 9A000000 		.section	.debug_str,"MS",%progbits,1
 656      02008100 
 656      00000201 
 656      FB0E0D00 
 656      01010101 
 657              	.LASF23:
 658 0000 4359424C 		.ascii	"CYBLE_EVT_GAP_PASSKEY_ENTRY_REQUEST\000"
 658      455F4556 
 658      545F4741 
 658      505F5041 
 658      53534B45 
 659              	.LASF58:
 660 0024 4359424C 		.ascii	"CYBLE_EVT_GATTC_WRITE_RSP\000"
 660      455F4556 
 660      545F4741 
 660      5454435F 
 660      57524954 
 661              	.LASF20:
 662 003e 4359424C 		.ascii	"CYBLE_EVT_MEMORY_REQUEST\000"
 662      455F4556 
 662      545F4D45 
 662      4D4F5259 
 662      5F524551 
 663              	.LASF45:
 664 0057 4359424C 		.ascii	"CYBLE_EVT_GATTC_ERROR_RSP\000"
 664      455F4556 
 664      545F4741 
 664      5454435F 
 664      4552524F 
 665              	.LASF29:
 666 0071 4359424C 		.ascii	"CYBLE_EVT_GAP_DEVICE_DISCONNECTED\000"
 666      455F4556 
 666      545F4741 
 666      505F4445 
 666      56494345 
 667              	.LASF35:
 668 0093 4359424C 		.ascii	"CYBLE_EVT_GAP_KEYPRESS_NOTIFICATION\000"
 668      455F4556 
 668      545F4741 
 668      505F4B45 
 668      59505245 
 669              	.LASF2:
 670 00b7 73686F72 		.ascii	"short int\000"
 670      7420696E 
 670      7400
ARM GAS  C:\Users\chiva\AppData\Local\Temp\ccnePcmk.s 			page 15


 671              	.LASF26:
 672 00c1 4359424C 		.ascii	"CYBLE_EVT_GAP_AUTH_FAILED\000"
 672      455F4556 
 672      545F4741 
 672      505F4155 
 672      54485F46 
 673              	.LASF47:
 674 00db 4359424C 		.ascii	"CYBLE_EVT_GATT_DISCONNECT_IND\000"
 674      455F4556 
 674      545F4741 
 674      54545F44 
 674      4953434F 
 675              	.LASF13:
 676 00f9 73697A65 		.ascii	"sizetype\000"
 676      74797065 
 676      00
 677              	.LASF37:
 678 0102 4359424C 		.ascii	"CYBLE_EVT_GAP_DATA_LENGTH_CHANGE\000"
 678      455F4556 
 678      545F4741 
 678      505F4441 
 678      54415F4C 
 679              	.LASF96:
 680 0123 433A5C55 		.ascii	"C:\\Users\\chiva\\Documents\\PSoC Creator\\Timer_Ex"
 680      73657273 
 680      5C636869 
 680      76615C44 
 680      6F63756D 
 681 0151 616D706C 		.ascii	"ample\\Design01.cydsn\000"
 681      655C4465 
 681      7369676E 
 681      30312E63 
 681      7964736E 
 682              	.LASF6:
 683 0166 6C6F6E67 		.ascii	"long long int\000"
 683      206C6F6E 
 683      6720696E 
 683      7400
 684              	.LASF91:
 685 0174 63757374 		.ascii	"customServHandle\000"
 685      6F6D5365 
 685      72764861 
 685      6E646C65 
 685      00
 686              	.LASF18:
 687 0185 4359424C 		.ascii	"CYBLE_EVT_HCI_STATUS\000"
 687      455F4556 
 687      545F4843 
 687      495F5354 
 687      41545553 
 688              	.LASF97:
 689 019a 4379426C 		.ascii	"CyBle_CustomInit\000"
 689      655F4375 
 689      73746F6D 
 689      496E6974 
 689      00
 690              	.LASF15:
ARM GAS  C:\Users\chiva\AppData\Local\Temp\ccnePcmk.s 			page 16


 691 01ab 4359424C 		.ascii	"CYBLE_EVT_STACK_ON\000"
 691      455F4556 
 691      545F5354 
 691      41434B5F 
 691      4F4E00
 692              	.LASF44:
 693 01be 4359424C 		.ascii	"CYBLE_EVT_GAP_SMP_LOC_P256_KEYS_GEN_AND_SET_COMPLET"
 693      455F4556 
 693      545F4741 
 693      505F534D 
 693      505F4C4F 
 694 01f1 4500     		.ascii	"E\000"
 695              	.LASF48:
 696 01f3 4359424C 		.ascii	"CYBLE_EVT_GATTS_XCNHG_MTU_REQ\000"
 696      455F4556 
 696      545F4741 
 696      5454535F 
 696      58434E48 
 697              	.LASF94:
 698 0211 474E5520 		.ascii	"GNU C11 5.4.1 20160609 (release) [ARM/embedded-5-br"
 698      43313120 
 698      352E342E 
 698      31203230 
 698      31363036 
 699 0244 616E6368 		.ascii	"anch revision 237715] -mcpu=cortex-m0 -mthumb -g -O"
 699      20726576 
 699      6973696F 
 699      6E203233 
 699      37373135 
 700 0277 67202D66 		.ascii	"g -ffunction-sections -ffat-lto-objects\000"
 700      66756E63 
 700      74696F6E 
 700      2D736563 
 700      74696F6E 
 701              	.LASF89:
 702 029f 63757374 		.ascii	"customServCharDesc\000"
 702      6F6D5365 
 702      72764368 
 702      61724465 
 702      736300
 703              	.LASF56:
 704 02b2 4359424C 		.ascii	"CYBLE_EVT_GATTC_READ_MULTI_RSP\000"
 704      455F4556 
 704      545F4741 
 704      5454435F 
 704      52454144 
 705              	.LASF65:
 706 02d1 4359424C 		.ascii	"CYBLE_EVT_GATTS_HANDLE_VALUE_CNF\000"
 706      455F4556 
 706      545F4741 
 706      5454535F 
 706      48414E44 
 707              	.LASF14:
 708 02f2 4359424C 		.ascii	"CYBLE_EVT_HOST_INVALID\000"
 708      455F4556 
 708      545F484F 
 708      53545F49 
ARM GAS  C:\Users\chiva\AppData\Local\Temp\ccnePcmk.s 			page 17


 708      4E56414C 
 709              	.LASF95:
 710 0309 47656E65 		.ascii	"Generated_Source\\PSoC4\\BLE_1_custom.c\000"
 710      72617465 
 710      645F536F 
 710      75726365 
 710      5C50536F 
 711              	.LASF76:
 712 032f 4359424C 		.ascii	"CYBLE_EVT_L2CAP_CBFC_DISCONN_CNF\000"
 712      455F4556 
 712      545F4C32 
 712      4341505F 
 712      43424643 
 713              	.LASF9:
 714 0350 666C6F61 		.ascii	"float\000"
 714      7400
 715              	.LASF54:
 716 0356 4359424C 		.ascii	"CYBLE_EVT_GATTC_READ_RSP\000"
 716      455F4556 
 716      545F4741 
 716      5454435F 
 716      52454144 
 717              	.LASF34:
 718 036f 4359424C 		.ascii	"CYBLE_EVT_GAP_NUMERIC_COMPARISON_REQUEST\000"
 718      455F4556 
 718      545F4741 
 718      505F4E55 
 718      4D455249 
 719              	.LASF39:
 720 0398 4359424C 		.ascii	"CYBLE_EVT_GAPC_DIRECT_ADV_REPORT\000"
 720      455F4556 
 720      545F4741 
 720      50435F44 
 720      49524543 
 721              	.LASF7:
 722 03b9 6C6F6E67 		.ascii	"long long unsigned int\000"
 722      206C6F6E 
 722      6720756E 
 722      7369676E 
 722      65642069 
 723              	.LASF90:
 724 03d0 4359424C 		.ascii	"CYBLE_CUSTOMS_INFO_T\000"
 724      455F4355 
 724      53544F4D 
 724      535F494E 
 724      464F5F54 
 725              	.LASF43:
 726 03e5 4359424C 		.ascii	"CYBLE_EVT_GAP_AUTH_REQ_REPLY_ERR\000"
 726      455F4556 
 726      545F4741 
 726      505F4155 
 726      54485F52 
 727              	.LASF4:
 728 0406 6C6F6E67 		.ascii	"long int\000"
 728      20696E74 
 728      00
 729              	.LASF64:
ARM GAS  C:\Users\chiva\AppData\Local\Temp\ccnePcmk.s 			page 18


 730 040f 4359424C 		.ascii	"CYBLE_EVT_GATTC_HANDLE_VALUE_IND\000"
 730      455F4556 
 730      545F4741 
 730      5454435F 
 730      48414E44 
 731              	.LASF28:
 732 0430 4359424C 		.ascii	"CYBLE_EVT_GAP_DEVICE_CONNECTED\000"
 732      455F4556 
 732      545F4741 
 732      505F4445 
 732      56494345 
 733              	.LASF27:
 734 044f 4359424C 		.ascii	"CYBLE_EVT_GAPP_ADVERTISEMENT_START_STOP\000"
 734      455F4556 
 734      545F4741 
 734      50505F41 
 734      44564552 
 735              	.LASF63:
 736 0477 4359424C 		.ascii	"CYBLE_EVT_GATTC_HANDLE_VALUE_NTF\000"
 736      455F4556 
 736      545F4741 
 736      5454435F 
 736      48414E44 
 737              	.LASF19:
 738 0498 4359424C 		.ascii	"CYBLE_EVT_STACK_BUSY_STATUS\000"
 738      455F4556 
 738      545F5354 
 738      41434B5F 
 738      42555359 
 739              	.LASF24:
 740 04b4 4359424C 		.ascii	"CYBLE_EVT_GAP_PASSKEY_DISPLAY_REQUEST\000"
 740      455F4556 
 740      545F4741 
 740      505F5041 
 740      53534B45 
 741              	.LASF93:
 742 04da 4359424C 		.ascii	"CYBLE_CUSTOMS_T\000"
 742      455F4355 
 742      53544F4D 
 742      535F5400 
 743              	.LASF74:
 744 04ea 4359424C 		.ascii	"CYBLE_EVT_L2CAP_CBFC_CONN_CNF\000"
 744      455F4556 
 744      545F4C32 
 744      4341505F 
 744      43424643 
 745              	.LASF38:
 746 0508 4359424C 		.ascii	"CYBLE_EVT_GAP_ENHANCE_CONN_COMPLETE\000"
 746      455F4556 
 746      545F4741 
 746      505F454E 
 746      48414E43 
 747              	.LASF12:
 748 052c 6C6F6E67 		.ascii	"long double\000"
 748      20646F75 
 748      626C6500 
 749              	.LASF70:
ARM GAS  C:\Users\chiva\AppData\Local\Temp\ccnePcmk.s 			page 19


 750 0538 4359424C 		.ascii	"CYBLE_EVT_L2CAP_CONN_PARAM_UPDATE_REQ\000"
 750      455F4556 
 750      545F4C32 
 750      4341505F 
 750      434F4E4E 
 751              	.LASF1:
 752 055e 756E7369 		.ascii	"unsigned char\000"
 752      676E6564 
 752      20636861 
 752      7200
 753              	.LASF92:
 754 056c 63757374 		.ascii	"customServInfo\000"
 754      6F6D5365 
 754      7276496E 
 754      666F00
 755              	.LASF60:
 756 057b 4359424C 		.ascii	"CYBLE_EVT_GATTS_PREP_WRITE_REQ\000"
 756      455F4556 
 756      545F4741 
 756      5454535F 
 756      50524550 
 757              	.LASF82:
 758 059a 4359424C 		.ascii	"CYBLE_EVT_LE_PING_AUTH_TIMEOUT\000"
 758      455F4556 
 758      545F4C45 
 758      5F50494E 
 758      475F4155 
 759              	.LASF52:
 760 05b9 4359424C 		.ascii	"CYBLE_EVT_GATTC_FIND_INFO_RSP\000"
 760      455F4556 
 760      545F4741 
 760      5454435F 
 760      46494E44 
 761              	.LASF0:
 762 05d7 7369676E 		.ascii	"signed char\000"
 762      65642063 
 762      68617200 
 763              	.LASF57:
 764 05e3 4359424C 		.ascii	"CYBLE_EVT_GATTS_WRITE_REQ\000"
 764      455F4556 
 764      545F4741 
 764      5454535F 
 764      57524954 
 765              	.LASF53:
 766 05fd 4359424C 		.ascii	"CYBLE_EVT_GATTC_FIND_BY_TYPE_VALUE_RSP\000"
 766      455F4556 
 766      545F4741 
 766      5454435F 
 766      46494E44 
 767              	.LASF25:
 768 0624 4359424C 		.ascii	"CYBLE_EVT_GAP_AUTH_COMPLETE\000"
 768      455F4556 
 768      545F4741 
 768      505F4155 
 768      54485F43 
 769              	.LASF8:
 770 0640 756E7369 		.ascii	"unsigned int\000"
ARM GAS  C:\Users\chiva\AppData\Local\Temp\ccnePcmk.s 			page 20


 770      676E6564 
 770      20696E74 
 770      00
 771              	.LASF46:
 772 064d 4359424C 		.ascii	"CYBLE_EVT_GATT_CONNECT_IND\000"
 772      455F4556 
 772      545F4741 
 772      54545F43 
 772      4F4E4E45 
 773              	.LASF5:
 774 0668 6C6F6E67 		.ascii	"long unsigned int\000"
 774      20756E73 
 774      69676E65 
 774      6420696E 
 774      7400
 775              	.LASF22:
 776 067a 4359424C 		.ascii	"CYBLE_EVT_GAP_AUTH_REQ\000"
 776      455F4556 
 776      545F4741 
 776      505F4155 
 776      54485F52 
 777              	.LASF75:
 778 0691 4359424C 		.ascii	"CYBLE_EVT_L2CAP_CBFC_DISCONN_IND\000"
 778      455F4556 
 778      545F4C32 
 778      4341505F 
 778      43424643 
 779              	.LASF30:
 780 06b2 4359424C 		.ascii	"CYBLE_EVT_GAP_ENCRYPT_CHANGE\000"
 780      455F4556 
 780      545F4741 
 780      505F454E 
 780      43525950 
 781              	.LASF41:
 782 06cf 4359424C 		.ascii	"CYBLE_EVT_GAP_CONN_ESTB\000"
 782      455F4556 
 782      545F4741 
 782      505F434F 
 782      4E4E5F45 
 783              	.LASF69:
 784 06e7 4359424C 		.ascii	"CYBLE_EVT_GATTC_LONG_PROCEDURE_END\000"
 784      455F4556 
 784      545F4741 
 784      5454435F 
 784      4C4F4E47 
 785              	.LASF33:
 786 070a 4359424C 		.ascii	"CYBLE_EVT_GAP_KEYINFO_EXCHNGE_CMPLT\000"
 786      455F4556 
 786      545F4741 
 786      505F4B45 
 786      59494E46 
 787              	.LASF84:
 788 072e 4359424C 		.ascii	"CYBLE_EVT_FLASH_CORRUPT\000"
 788      455F4556 
 788      545F464C 
 788      4153485F 
 788      434F5252 
ARM GAS  C:\Users\chiva\AppData\Local\Temp\ccnePcmk.s 			page 21


 789              	.LASF31:
 790 0746 4359424C 		.ascii	"CYBLE_EVT_GAP_CONNECTION_UPDATE_COMPLETE\000"
 790      455F4556 
 790      545F4741 
 790      505F434F 
 790      4E4E4543 
 791              	.LASF40:
 792 076f 4359424C 		.ascii	"CYBLE_EVT_GAP_SMP_NEGOTIATED_AUTH_INFO\000"
 792      455F4556 
 792      545F4741 
 792      505F534D 
 792      505F4E45 
 793              	.LASF11:
 794 0796 63686172 		.ascii	"char\000"
 794      00
 795              	.LASF72:
 796 079b 4359424C 		.ascii	"CYBLE_EVT_L2CAP_COMMAND_REJ\000"
 796      455F4556 
 796      545F4C32 
 796      4341505F 
 796      434F4D4D 
 797              	.LASF3:
 798 07b7 73686F72 		.ascii	"short unsigned int\000"
 798      7420756E 
 798      7369676E 
 798      65642069 
 798      6E7400
 799              	.LASF21:
 800 07ca 4359424C 		.ascii	"CYBLE_EVT_GAPC_SCAN_PROGRESS_RESULT\000"
 800      455F4556 
 800      545F4741 
 800      50435F53 
 800      43414E5F 
 801              	.LASF86:
 802 07ee 75696E74 		.ascii	"uint16\000"
 802      313600
 803              	.LASF55:
 804 07f5 4359424C 		.ascii	"CYBLE_EVT_GATTC_READ_BLOB_RSP\000"
 804      455F4556 
 804      545F4741 
 804      5454435F 
 804      52454144 
 805              	.LASF62:
 806 0813 4359424C 		.ascii	"CYBLE_EVT_GATTC_EXEC_WRITE_RSP\000"
 806      455F4556 
 806      545F4741 
 806      5454435F 
 806      45584543 
 807              	.LASF32:
 808 0832 4359424C 		.ascii	"CYBLE_EVT_GAPC_SCAN_START_STOP\000"
 808      455F4556 
 808      545F4741 
 808      50435F53 
 808      43414E5F 
 809              	.LASF81:
 810 0851 4359424C 		.ascii	"CYBLE_EVT_PENDING_FLASH_WRITE\000"
 810      455F4556 
ARM GAS  C:\Users\chiva\AppData\Local\Temp\ccnePcmk.s 			page 22


 810      545F5045 
 810      4E44494E 
 810      475F464C 
 811              	.LASF78:
 812 086f 4359424C 		.ascii	"CYBLE_EVT_L2CAP_CBFC_RX_CREDIT_IND\000"
 812      455F4556 
 812      545F4C32 
 812      4341505F 
 812      43424643 
 813              	.LASF10:
 814 0892 646F7562 		.ascii	"double\000"
 814      6C6500
 815              	.LASF79:
 816 0899 4359424C 		.ascii	"CYBLE_EVT_L2CAP_CBFC_TX_CREDIT_IND\000"
 816      455F4556 
 816      545F4C32 
 816      4341505F 
 816      43424643 
 817              	.LASF88:
 818 08bc 63757374 		.ascii	"customServCharHandle\000"
 818      6F6D5365 
 818      72764368 
 818      61724861 
 818      6E646C65 
 819              	.LASF42:
 820 08d1 4359424C 		.ascii	"CYBLE_EVT_GAP_SCAN_REQ_RECVD\000"
 820      455F4556 
 820      545F4741 
 820      505F5343 
 820      414E5F52 
 821              	.LASF17:
 822 08ee 4359424C 		.ascii	"CYBLE_EVT_HARDWARE_ERROR\000"
 822      455F4556 
 822      545F4841 
 822      52445741 
 822      52455F45 
 823              	.LASF77:
 824 0907 4359424C 		.ascii	"CYBLE_EVT_L2CAP_CBFC_DATA_READ\000"
 824      455F4556 
 824      545F4C32 
 824      4341505F 
 824      43424643 
 825              	.LASF71:
 826 0926 4359424C 		.ascii	"CYBLE_EVT_L2CAP_CONN_PARAM_UPDATE_RSP\000"
 826      455F4556 
 826      545F4C32 
 826      4341505F 
 826      434F4E4E 
 827              	.LASF73:
 828 094c 4359424C 		.ascii	"CYBLE_EVT_L2CAP_CBFC_CONN_IND\000"
 828      455F4556 
 828      545F4C32 
 828      4341505F 
 828      43424643 
 829              	.LASF50:
 830 096a 4359424C 		.ascii	"CYBLE_EVT_GATTC_READ_BY_GROUP_TYPE_RSP\000"
 830      455F4556 
ARM GAS  C:\Users\chiva\AppData\Local\Temp\ccnePcmk.s 			page 23


 830      545F4741 
 830      5454435F 
 830      52454144 
 831              	.LASF59:
 832 0991 4359424C 		.ascii	"CYBLE_EVT_GATTS_WRITE_CMD_REQ\000"
 832      455F4556 
 832      545F4741 
 832      5454535F 
 832      57524954 
 833              	.LASF51:
 834 09af 4359424C 		.ascii	"CYBLE_EVT_GATTC_READ_BY_TYPE_RSP\000"
 834      455F4556 
 834      545F4741 
 834      5454435F 
 834      52454144 
 835              	.LASF49:
 836 09d0 4359424C 		.ascii	"CYBLE_EVT_GATTC_XCHNG_MTU_RSP\000"
 836      455F4556 
 836      545F4741 
 836      5454435F 
 836      5843484E 
 837              	.LASF80:
 838 09ee 4359424C 		.ascii	"CYBLE_EVT_L2CAP_CBFC_DATA_WRITE_IND\000"
 838      455F4556 
 838      545F4C32 
 838      4341505F 
 838      43424643 
 839              	.LASF16:
 840 0a12 4359424C 		.ascii	"CYBLE_EVT_TIMEOUT\000"
 840      455F4556 
 840      545F5449 
 840      4D454F55 
 840      5400
 841              	.LASF85:
 842 0a24 4359424C 		.ascii	"CYBLE_EVT_MAX\000"
 842      455F4556 
 842      545F4D41 
 842      5800
 843              	.LASF68:
 844 0a32 4359424C 		.ascii	"CYBLE_EVT_GATTS_READ_CHAR_VAL_ACCESS_REQ\000"
 844      455F4556 
 844      545F4741 
 844      5454535F 
 844      52454144 
 845              	.LASF67:
 846 0a5b 4359424C 		.ascii	"CYBLE_EVT_GATTC_STOP_CMD_COMPLETE\000"
 846      455F4556 
 846      545F4741 
 846      5454435F 
 846      53544F50 
 847              	.LASF61:
 848 0a7d 4359424C 		.ascii	"CYBLE_EVT_GATTS_EXEC_WRITE_REQ\000"
 848      455F4556 
 848      545F4741 
 848      5454535F 
 848      45584543 
 849              	.LASF87:
ARM GAS  C:\Users\chiva\AppData\Local\Temp\ccnePcmk.s 			page 24


 850 0a9c 4359424C 		.ascii	"CYBLE_GATT_DB_ATTR_HANDLE_T\000"
 850      455F4741 
 850      54545F44 
 850      425F4154 
 850      54525F48 
 851              	.LASF98:
 852 0ab8 6379426C 		.ascii	"cyBle_customs\000"
 852      655F6375 
 852      73746F6D 
 852      7300
 853              	.LASF66:
 854 0ac6 4359424C 		.ascii	"CYBLE_EVT_GATTS_DATA_SIGNED_CMD_REQ\000"
 854      455F4556 
 854      545F4741 
 854      5454535F 
 854      44415441 
 855              	.LASF83:
 856 0aea 4359424C 		.ascii	"CYBLE_EVT_HCI_PKT\000"
 856      455F4556 
 856      545F4843 
 856      495F504B 
 856      5400
 857              	.LASF36:
 858 0afc 4359424C 		.ascii	"CYBLE_EVT_GAP_OOB_GENERATED_NOTIFICATION\000"
 858      455F4556 
 858      545F4741 
 858      505F4F4F 
 858      425F4745 
 859              		.ident	"GCC: (GNU Tools for ARM Embedded Processors) 5.4.1 20160609 (release) [ARM/embedded-5-bran
