ARM GAS  C:\Users\ELIASG~1\AppData\Local\Temp\cc1JiH9u.s 			page 1


   1              		.syntax unified
   2              		.cpu cortex-m0
   3              		.fpu softvfp
   4              		.eabi_attribute 20, 1
   5              		.eabi_attribute 21, 1
   6              		.eabi_attribute 23, 3
   7              		.eabi_attribute 24, 1
   8              		.eabi_attribute 25, 1
   9              		.eabi_attribute 26, 1
  10              		.eabi_attribute 30, 1
  11              		.eabi_attribute 34, 0
  12              		.eabi_attribute 18, 4
  13              		.thumb
  14              		.syntax unified
  15              		.file	"i2c.c"
  16              		.text
  17              	.Ltext0:
  18              		.cfi_sections	.debug_frame
  19              		.section	.text.nopDelay,"ax",%progbits
  20              		.align	2
  21              		.global	nopDelay
  22              		.code	16
  23              		.thumb_func
  24              		.type	nopDelay, %function
  25              	nopDelay:
  26              	.LFB0:
  27              		.file 1 "i2c.c"
   1:i2c.c         **** #include "i2c.h"
   2:i2c.c         **** 
   3:i2c.c         **** 
   4:i2c.c         **** unsigned char flagRTII2C=0;
   5:i2c.c         **** 
   6:i2c.c         **** void nopDelay(void){
  28              		.loc 1 6 0
  29              		.cfi_startproc
  30              		@ args = 0, pretend = 0, frame = 0
  31              		@ frame_needed = 0, uses_anonymous_args = 0
  32              		@ link register save eliminated.
   7:i2c.c         **** 	
   8:i2c.c         **** 	asm ("nop");
  33              		.loc 1 8 0
  34              		.syntax divided
  35              	@ 8 "i2c.c" 1
  36 0000 C046     		nop
  37              	@ 0 "" 2
   9:i2c.c         **** 	asm ("nop");
  38              		.loc 1 9 0
  39              	@ 9 "i2c.c" 1
  40 0002 C046     		nop
  41              	@ 0 "" 2
  10:i2c.c         **** 	asm ("nop");
  42              		.loc 1 10 0
  43              	@ 10 "i2c.c" 1
  44 0004 C046     		nop
  45              	@ 0 "" 2
  11:i2c.c         **** 	asm ("nop");
  46              		.loc 1 11 0
ARM GAS  C:\Users\ELIASG~1\AppData\Local\Temp\cc1JiH9u.s 			page 2


  47              	@ 11 "i2c.c" 1
  48 0006 C046     		nop
  49              	@ 0 "" 2
  12:i2c.c         **** 	asm ("nop");
  50              		.loc 1 12 0
  51              	@ 12 "i2c.c" 1
  52 0008 C046     		nop
  53              	@ 0 "" 2
  13:i2c.c         **** 	asm ("nop");	
  54              		.loc 1 13 0
  55              	@ 13 "i2c.c" 1
  56 000a C046     		nop
  57              	@ 0 "" 2
  14:i2c.c         **** }
  58              		.loc 1 14 0
  59              		.thumb
  60              		.syntax unified
  61              		@ sp needed
  62 000c 7047     		bx	lr
  63              		.cfi_endproc
  64              	.LFE0:
  65              		.size	nopDelay, .-nopDelay
  66 000e C046     		.section	.text.I2C_Write,"ax",%progbits
  67              		.align	2
  68              		.global	I2C_Write
  69              		.code	16
  70              		.thumb_func
  71              		.type	I2C_Write, %function
  72              	I2C_Write:
  73              	.LFB1:
  15:i2c.c         **** 
  16:i2c.c         **** //void I2C_Init(I2C p)
  17:i2c.c         **** //{
  18:i2c.c         **** 	//IICF=0x40;
  19:i2c.c         **** 	//IICC=0b10010000;
  20:i2c.c         **** 	//IICF = p.baudrate; // 100kbps
  21:i2c.c         **** 	//IICC = p.I2C_ON_MST_ON; //ModI2C=1, MasterMode=1
  22:i2c.c         **** 	
  23:i2c.c         **** 	//IICC = 0b11010000; //INT-ON
  24:i2c.c         **** //}
  25:i2c.c         **** 
  26:i2c.c         **** void I2C_Write(unsigned char data)
  27:i2c.c         **** {
  74              		.loc 1 27 0
  75              		.cfi_startproc
  76              		@ args = 0, pretend = 0, frame = 0
  77              		@ frame_needed = 0, uses_anonymous_args = 0
  78              	.LVL0:
  79 0000 10B5     		push	{r4, lr}
  80              		.cfi_def_cfa_offset 8
  81              		.cfi_offset 4, -8
  82              		.cfi_offset 14, -4
  83 0002 0400     		movs	r4, r0
  28:i2c.c         **** 	
  29:i2c.c         **** 	//unsigned int kp;
  30:i2c.c         **** 	//nopDelay();
  31:i2c.c         **** 	//if(flagRTII2C==1){
ARM GAS  C:\Users\ELIASG~1\AppData\Local\Temp\cc1JiH9u.s 			page 3


  32:i2c.c         **** 		//flagRTII2C=0;
  33:i2c.c         **** 
  34:i2c.c         **** 	
  35:i2c.c         **** 	//IICC_MST = 1; 	
  36:i2c.c         **** 	//IICD = data; 
  37:i2c.c         **** 	//}
  38:i2c.c         ****     I2CP_I2CMasterSendStart(0x27,0x00);
  84              		.loc 1 38 0
  85 0004 0021     		movs	r1, #0
  86 0006 2720     		movs	r0, #39
  87              	.LVL1:
  88 0008 FFF7FEFF 		bl	I2CP_I2CMasterSendStart
  89              	.LVL2:
  39:i2c.c         **** 	I2CP_I2CMasterWriteByte(data);
  90              		.loc 1 39 0
  91 000c 2000     		movs	r0, r4
  92 000e FFF7FEFF 		bl	I2CP_I2CMasterWriteByte
  93              	.LVL3:
  40:i2c.c         ****     
  41:i2c.c         **** 	//for(kp=0;kp<20;kp++)
  42:i2c.c         **** 	//		asm ("nop");
  43:i2c.c         **** //	if(flagRTII2C==1){
  44:i2c.c         **** //		flagRTII2C=0;
  45:i2c.c         **** //			for(kp=0;kp<20;kp++)
  46:i2c.c         **** //				asm nop;
  47:i2c.c         **** 		//	}
  48:i2c.c         **** 	flagRTII2C=0;
  94              		.loc 1 48 0
  95 0012 0022     		movs	r2, #0
  96 0014 014B     		ldr	r3, .L3
  97 0016 1A70     		strb	r2, [r3]
  49:i2c.c         **** //	do
  50:i2c.c         **** //		asm nop;
  51:i2c.c         **** //	while(IICS_IICIF == 0);
  52:i2c.c         **** 	//I2C_ClearFlag();	
  53:i2c.c         **** }
  98              		.loc 1 53 0
  99              		@ sp needed
 100 0018 10BD     		pop	{r4, pc}
 101              	.L4:
 102 001a C046     		.align	2
 103              	.L3:
 104 001c 00000000 		.word	.LANCHOR0
 105              		.cfi_endproc
 106              	.LFE1:
 107              		.size	I2C_Write, .-I2C_Write
 108              		.section	.text.I2C_WriteFor,"ax",%progbits
 109              		.align	2
 110              		.global	I2C_WriteFor
 111              		.code	16
 112              		.thumb_func
 113              		.type	I2C_WriteFor, %function
 114              	I2C_WriteFor:
 115              	.LFB2:
  54:i2c.c         **** 
  55:i2c.c         **** void I2C_WriteFor(unsigned char data){
 116              		.loc 1 55 0
ARM GAS  C:\Users\ELIASG~1\AppData\Local\Temp\cc1JiH9u.s 			page 4


 117              		.cfi_startproc
 118              		@ args = 0, pretend = 0, frame = 0
 119              		@ frame_needed = 0, uses_anonymous_args = 0
 120              	.LVL4:
 121 0000 10B5     		push	{r4, lr}
 122              		.cfi_def_cfa_offset 8
 123              		.cfi_offset 4, -8
 124              		.cfi_offset 14, -4
  56:i2c.c         **** 	
  57:i2c.c         **** 	//unsigned int kl;
  58:i2c.c         **** 	
  59:i2c.c         **** 	//nopDelay();
  60:i2c.c         **** 	//if(flagRTII2C==1){
  61:i2c.c         **** 		//IICC_MST = 1; 
  62:i2c.c         **** 		//IICD = data;
  63:i2c.c         ****     I2CP_I2CMasterWriteByte(data);
 125              		.loc 1 63 0
 126 0002 FFF7FEFF 		bl	I2CP_I2CMasterWriteByte
 127              	.LVL5:
  64:i2c.c         **** 	//}
  65:i2c.c         **** 		
  66:i2c.c         **** //		if(flagRTII2C==1){
  67:i2c.c         **** //			//flagRTII2C=0;
  68:i2c.c         **** //			nopDelay();
  69:i2c.c         **** //			flagRTII2C=0;
  70:i2c.c         **** //		}
  71:i2c.c         **** 	//if(flagRTII2C==1){
  72:i2c.c         **** 		
  73:i2c.c         **** 	//	}
  74:i2c.c         **** }
 128              		.loc 1 74 0
 129              		@ sp needed
 130 0006 10BD     		pop	{r4, pc}
 131              		.cfi_endproc
 132              	.LFE2:
 133              		.size	I2C_WriteFor, .-I2C_WriteFor
 134              		.section	.text.I2C_Stop,"ax",%progbits
 135              		.align	2
 136              		.global	I2C_Stop
 137              		.code	16
 138              		.thumb_func
 139              		.type	I2C_Stop, %function
 140              	I2C_Stop:
 141              	.LFB3:
  75:i2c.c         **** 
  76:i2c.c         **** void I2C_Stop(void)
  77:i2c.c         **** {
 142              		.loc 1 77 0
 143              		.cfi_startproc
 144              		@ args = 0, pretend = 0, frame = 0
 145              		@ frame_needed = 0, uses_anonymous_args = 0
 146 0000 10B5     		push	{r4, lr}
 147              		.cfi_def_cfa_offset 8
 148              		.cfi_offset 4, -8
 149              		.cfi_offset 14, -4
  78:i2c.c         **** 	I2CP_I2CMasterSendStop();
 150              		.loc 1 78 0
ARM GAS  C:\Users\ELIASG~1\AppData\Local\Temp\cc1JiH9u.s 			page 5


 151 0002 FFF7FEFF 		bl	I2CP_I2CMasterSendStop
 152              	.LVL6:
  79:i2c.c         ****     //IICC_MST = 0; //MasterMode=0
  80:i2c.c         **** }
 153              		.loc 1 80 0
 154              		@ sp needed
 155 0006 10BD     		pop	{r4, pc}
 156              		.cfi_endproc
 157              	.LFE3:
 158              		.size	I2C_Stop, .-I2C_Stop
 159              		.section	.text.I2C_ClearFlag,"ax",%progbits
 160              		.align	2
 161              		.global	I2C_ClearFlag
 162              		.code	16
 163              		.thumb_func
 164              		.type	I2C_ClearFlag, %function
 165              	I2C_ClearFlag:
 166              	.LFB4:
  81:i2c.c         **** 
  82:i2c.c         **** void I2C_ClearFlag(void)
  83:i2c.c         **** {
 167              		.loc 1 83 0
 168              		.cfi_startproc
 169              		@ args = 0, pretend = 0, frame = 0
 170              		@ frame_needed = 0, uses_anonymous_args = 0
 171              		@ link register save eliminated.
  84:i2c.c         **** 	//(void) IICS; 
  85:i2c.c         **** 	//IICS_IICIF =1;
  86:i2c.c         ****     
  87:i2c.c         **** 	//IICS_IICIF = p.flagOFF; 
  88:i2c.c         **** }
 172              		.loc 1 88 0
 173              		@ sp needed
 174 0000 7047     		bx	lr
 175              		.cfi_endproc
 176              	.LFE4:
 177              		.size	I2C_ClearFlag, .-I2C_ClearFlag
 178 0002 C046     		.section	.text.IIC_RTI,"ax",%progbits
 179              		.align	2
 180              		.global	IIC_RTI
 181              		.code	16
 182              		.thumb_func
 183              		.type	IIC_RTI, %function
 184              	IIC_RTI:
 185              	.LFB5:
  89:i2c.c         **** 
  90:i2c.c         **** void IIC_RTI(void)
  91:i2c.c         **** {
 186              		.loc 1 91 0
 187              		.cfi_startproc
 188              		@ args = 0, pretend = 0, frame = 0
 189              		@ frame_needed = 0, uses_anonymous_args = 0
 190              		@ link register save eliminated.
  92:i2c.c         **** 	I2C_ClearFlag(); //clear the flag
  93:i2c.c         **** 	
  94:i2c.c         **** }
 191              		.loc 1 94 0
ARM GAS  C:\Users\ELIASG~1\AppData\Local\Temp\cc1JiH9u.s 			page 6


 192              		@ sp needed
 193 0000 7047     		bx	lr
 194              		.cfi_endproc
 195              	.LFE5:
 196              		.size	IIC_RTI, .-IIC_RTI
 197              		.global	flagRTII2C
 198 0002 C046     		.bss
 199              		.set	.LANCHOR0,. + 0
 200              		.type	flagRTII2C, %object
 201              		.size	flagRTII2C, 1
 202              	flagRTII2C:
 203 0000 00       		.space	1
 204              		.text
 205              	.Letext0:
 206              		.section	.debug_info,"",%progbits
 207              	.Ldebug_info0:
 208 0000 74010000 		.4byte	0x174
 209 0004 0400     		.2byte	0x4
 210 0006 00000000 		.4byte	.Ldebug_abbrev0
 211 000a 04       		.byte	0x4
 212 000b 01       		.uleb128 0x1
 213 000c 93000000 		.4byte	.LASF11
 214 0010 0C       		.byte	0xc
 215 0011 3A000000 		.4byte	.LASF12
 216 0015 38010000 		.4byte	.LASF13
 217 0019 00000000 		.4byte	.Ldebug_ranges0+0
 218 001d 00000000 		.4byte	0
 219 0021 00000000 		.4byte	.Ldebug_line0
 220 0025 02       		.uleb128 0x2
 221 0026 62000000 		.4byte	.LASF8
 222 002a 01       		.byte	0x1
 223 002b 06       		.byte	0x6
 224 002c 00000000 		.4byte	.LFB0
 225 0030 0E000000 		.4byte	.LFE0-.LFB0
 226 0034 01       		.uleb128 0x1
 227 0035 9C       		.byte	0x9c
 228 0036 03       		.uleb128 0x3
 229 0037 30000000 		.4byte	.LASF3
 230 003b 01       		.byte	0x1
 231 003c 1A       		.byte	0x1a
 232 003d 00000000 		.4byte	.LFB1
 233 0041 20000000 		.4byte	.LFE1-.LFB1
 234 0045 01       		.uleb128 0x1
 235 0046 9C       		.byte	0x9c
 236 0047 A6000000 		.4byte	0xa6
 237 004b 04       		.uleb128 0x4
 238 004c 8E000000 		.4byte	.LASF5
 239 0050 01       		.byte	0x1
 240 0051 1A       		.byte	0x1a
 241 0052 A6000000 		.4byte	0xa6
 242 0056 00000000 		.4byte	.LLST0
 243 005a 05       		.uleb128 0x5
 244 005b 00000000 		.4byte	.LASF0
 245 005f 01       		.byte	0x1
 246 0060 26       		.byte	0x26
 247 0061 AD000000 		.4byte	0xad
 248 0065 6B000000 		.4byte	0x6b
ARM GAS  C:\Users\ELIASG~1\AppData\Local\Temp\cc1JiH9u.s 			page 7


 249 0069 06       		.uleb128 0x6
 250 006a 00       		.byte	0
 251 006b 05       		.uleb128 0x5
 252 006c 18000000 		.4byte	.LASF1
 253 0070 01       		.byte	0x1
 254 0071 27       		.byte	0x27
 255 0072 AD000000 		.4byte	0xad
 256 0076 7C000000 		.4byte	0x7c
 257 007a 06       		.uleb128 0x6
 258 007b 00       		.byte	0
 259 007c 07       		.uleb128 0x7
 260 007d 0C000000 		.4byte	.LVL2
 261 0081 56010000 		.4byte	0x156
 262 0085 95000000 		.4byte	0x95
 263 0089 08       		.uleb128 0x8
 264 008a 01       		.uleb128 0x1
 265 008b 50       		.byte	0x50
 266 008c 02       		.uleb128 0x2
 267 008d 08       		.byte	0x8
 268 008e 27       		.byte	0x27
 269 008f 08       		.uleb128 0x8
 270 0090 01       		.uleb128 0x1
 271 0091 51       		.byte	0x51
 272 0092 01       		.uleb128 0x1
 273 0093 30       		.byte	0x30
 274 0094 00       		.byte	0
 275 0095 09       		.uleb128 0x9
 276 0096 12000000 		.4byte	.LVL3
 277 009a 61010000 		.4byte	0x161
 278 009e 08       		.uleb128 0x8
 279 009f 01       		.uleb128 0x1
 280 00a0 50       		.byte	0x50
 281 00a1 02       		.uleb128 0x2
 282 00a2 74       		.byte	0x74
 283 00a3 00       		.sleb128 0
 284 00a4 00       		.byte	0
 285 00a5 00       		.byte	0
 286 00a6 0A       		.uleb128 0xa
 287 00a7 01       		.byte	0x1
 288 00a8 08       		.byte	0x8
 289 00a9 6B000000 		.4byte	.LASF2
 290 00ad 0B       		.uleb128 0xb
 291 00ae 04       		.byte	0x4
 292 00af 05       		.byte	0x5
 293 00b0 696E7400 		.ascii	"int\000"
 294 00b4 03       		.uleb128 0x3
 295 00b5 81000000 		.4byte	.LASF4
 296 00b9 01       		.byte	0x1
 297 00ba 37       		.byte	0x37
 298 00bb 00000000 		.4byte	.LFB2
 299 00bf 08000000 		.4byte	.LFE2-.LFB2
 300 00c3 01       		.uleb128 0x1
 301 00c4 9C       		.byte	0x9c
 302 00c5 F3000000 		.4byte	0xf3
 303 00c9 04       		.uleb128 0x4
 304 00ca 8E000000 		.4byte	.LASF5
 305 00ce 01       		.byte	0x1
ARM GAS  C:\Users\ELIASG~1\AppData\Local\Temp\cc1JiH9u.s 			page 8


 306 00cf 37       		.byte	0x37
 307 00d0 A6000000 		.4byte	0xa6
 308 00d4 21000000 		.4byte	.LLST1
 309 00d8 05       		.uleb128 0x5
 310 00d9 18000000 		.4byte	.LASF1
 311 00dd 01       		.byte	0x1
 312 00de 27       		.byte	0x27
 313 00df AD000000 		.4byte	0xad
 314 00e3 E9000000 		.4byte	0xe9
 315 00e7 06       		.uleb128 0x6
 316 00e8 00       		.byte	0
 317 00e9 0C       		.uleb128 0xc
 318 00ea 06000000 		.4byte	.LVL5
 319 00ee 61010000 		.4byte	0x161
 320 00f2 00       		.byte	0
 321 00f3 03       		.uleb128 0x3
 322 00f4 40000000 		.4byte	.LASF6
 323 00f8 01       		.byte	0x1
 324 00f9 4C       		.byte	0x4c
 325 00fa 00000000 		.4byte	.LFB3
 326 00fe 08000000 		.4byte	.LFE3-.LFB3
 327 0102 01       		.uleb128 0x1
 328 0103 9C       		.byte	0x9c
 329 0104 23010000 		.4byte	0x123
 330 0108 05       		.uleb128 0x5
 331 0109 21010000 		.4byte	.LASF7
 332 010d 01       		.byte	0x1
 333 010e 4E       		.byte	0x4e
 334 010f AD000000 		.4byte	0xad
 335 0113 19010000 		.4byte	0x119
 336 0117 06       		.uleb128 0x6
 337 0118 00       		.byte	0
 338 0119 0C       		.uleb128 0xc
 339 011a 06000000 		.4byte	.LVL6
 340 011e 6C010000 		.4byte	0x16c
 341 0122 00       		.byte	0
 342 0123 02       		.uleb128 0x2
 343 0124 49000000 		.4byte	.LASF9
 344 0128 01       		.byte	0x1
 345 0129 52       		.byte	0x52
 346 012a 00000000 		.4byte	.LFB4
 347 012e 02000000 		.4byte	.LFE4-.LFB4
 348 0132 01       		.uleb128 0x1
 349 0133 9C       		.byte	0x9c
 350 0134 02       		.uleb128 0x2
 351 0135 79000000 		.4byte	.LASF10
 352 0139 01       		.byte	0x1
 353 013a 5A       		.byte	0x5a
 354 013b 00000000 		.4byte	.LFB5
 355 013f 02000000 		.4byte	.LFE5-.LFB5
 356 0143 01       		.uleb128 0x1
 357 0144 9C       		.byte	0x9c
 358 0145 0D       		.uleb128 0xd
 359 0146 57000000 		.4byte	.LASF14
 360 014a 01       		.byte	0x1
 361 014b 04       		.byte	0x4
 362 014c A6000000 		.4byte	0xa6
ARM GAS  C:\Users\ELIASG~1\AppData\Local\Temp\cc1JiH9u.s 			page 9


 363 0150 05       		.uleb128 0x5
 364 0151 03       		.byte	0x3
 365 0152 00000000 		.4byte	flagRTII2C
 366 0156 0E       		.uleb128 0xe
 367 0157 00000000 		.4byte	.LASF0
 368 015b 00000000 		.4byte	.LASF0
 369 015f 01       		.byte	0x1
 370 0160 26       		.byte	0x26
 371 0161 0E       		.uleb128 0xe
 372 0162 18000000 		.4byte	.LASF1
 373 0166 18000000 		.4byte	.LASF1
 374 016a 01       		.byte	0x1
 375 016b 27       		.byte	0x27
 376 016c 0E       		.uleb128 0xe
 377 016d 21010000 		.4byte	.LASF7
 378 0171 21010000 		.4byte	.LASF7
 379 0175 01       		.byte	0x1
 380 0176 4E       		.byte	0x4e
 381 0177 00       		.byte	0
 382              		.section	.debug_abbrev,"",%progbits
 383              	.Ldebug_abbrev0:
 384 0000 01       		.uleb128 0x1
 385 0001 11       		.uleb128 0x11
 386 0002 01       		.byte	0x1
 387 0003 25       		.uleb128 0x25
 388 0004 0E       		.uleb128 0xe
 389 0005 13       		.uleb128 0x13
 390 0006 0B       		.uleb128 0xb
 391 0007 03       		.uleb128 0x3
 392 0008 0E       		.uleb128 0xe
 393 0009 1B       		.uleb128 0x1b
 394 000a 0E       		.uleb128 0xe
 395 000b 55       		.uleb128 0x55
 396 000c 17       		.uleb128 0x17
 397 000d 11       		.uleb128 0x11
 398 000e 01       		.uleb128 0x1
 399 000f 10       		.uleb128 0x10
 400 0010 17       		.uleb128 0x17
 401 0011 00       		.byte	0
 402 0012 00       		.byte	0
 403 0013 02       		.uleb128 0x2
 404 0014 2E       		.uleb128 0x2e
 405 0015 00       		.byte	0
 406 0016 3F       		.uleb128 0x3f
 407 0017 19       		.uleb128 0x19
 408 0018 03       		.uleb128 0x3
 409 0019 0E       		.uleb128 0xe
 410 001a 3A       		.uleb128 0x3a
 411 001b 0B       		.uleb128 0xb
 412 001c 3B       		.uleb128 0x3b
 413 001d 0B       		.uleb128 0xb
 414 001e 27       		.uleb128 0x27
 415 001f 19       		.uleb128 0x19
 416 0020 11       		.uleb128 0x11
 417 0021 01       		.uleb128 0x1
 418 0022 12       		.uleb128 0x12
 419 0023 06       		.uleb128 0x6
ARM GAS  C:\Users\ELIASG~1\AppData\Local\Temp\cc1JiH9u.s 			page 10


 420 0024 40       		.uleb128 0x40
 421 0025 18       		.uleb128 0x18
 422 0026 9742     		.uleb128 0x2117
 423 0028 19       		.uleb128 0x19
 424 0029 00       		.byte	0
 425 002a 00       		.byte	0
 426 002b 03       		.uleb128 0x3
 427 002c 2E       		.uleb128 0x2e
 428 002d 01       		.byte	0x1
 429 002e 3F       		.uleb128 0x3f
 430 002f 19       		.uleb128 0x19
 431 0030 03       		.uleb128 0x3
 432 0031 0E       		.uleb128 0xe
 433 0032 3A       		.uleb128 0x3a
 434 0033 0B       		.uleb128 0xb
 435 0034 3B       		.uleb128 0x3b
 436 0035 0B       		.uleb128 0xb
 437 0036 27       		.uleb128 0x27
 438 0037 19       		.uleb128 0x19
 439 0038 11       		.uleb128 0x11
 440 0039 01       		.uleb128 0x1
 441 003a 12       		.uleb128 0x12
 442 003b 06       		.uleb128 0x6
 443 003c 40       		.uleb128 0x40
 444 003d 18       		.uleb128 0x18
 445 003e 9742     		.uleb128 0x2117
 446 0040 19       		.uleb128 0x19
 447 0041 01       		.uleb128 0x1
 448 0042 13       		.uleb128 0x13
 449 0043 00       		.byte	0
 450 0044 00       		.byte	0
 451 0045 04       		.uleb128 0x4
 452 0046 05       		.uleb128 0x5
 453 0047 00       		.byte	0
 454 0048 03       		.uleb128 0x3
 455 0049 0E       		.uleb128 0xe
 456 004a 3A       		.uleb128 0x3a
 457 004b 0B       		.uleb128 0xb
 458 004c 3B       		.uleb128 0x3b
 459 004d 0B       		.uleb128 0xb
 460 004e 49       		.uleb128 0x49
 461 004f 13       		.uleb128 0x13
 462 0050 02       		.uleb128 0x2
 463 0051 17       		.uleb128 0x17
 464 0052 00       		.byte	0
 465 0053 00       		.byte	0
 466 0054 05       		.uleb128 0x5
 467 0055 2E       		.uleb128 0x2e
 468 0056 01       		.byte	0x1
 469 0057 3F       		.uleb128 0x3f
 470 0058 19       		.uleb128 0x19
 471 0059 03       		.uleb128 0x3
 472 005a 0E       		.uleb128 0xe
 473 005b 3A       		.uleb128 0x3a
 474 005c 0B       		.uleb128 0xb
 475 005d 3B       		.uleb128 0x3b
 476 005e 0B       		.uleb128 0xb
ARM GAS  C:\Users\ELIASG~1\AppData\Local\Temp\cc1JiH9u.s 			page 11


 477 005f 49       		.uleb128 0x49
 478 0060 13       		.uleb128 0x13
 479 0061 3C       		.uleb128 0x3c
 480 0062 19       		.uleb128 0x19
 481 0063 01       		.uleb128 0x1
 482 0064 13       		.uleb128 0x13
 483 0065 00       		.byte	0
 484 0066 00       		.byte	0
 485 0067 06       		.uleb128 0x6
 486 0068 18       		.uleb128 0x18
 487 0069 00       		.byte	0
 488 006a 00       		.byte	0
 489 006b 00       		.byte	0
 490 006c 07       		.uleb128 0x7
 491 006d 898201   		.uleb128 0x4109
 492 0070 01       		.byte	0x1
 493 0071 11       		.uleb128 0x11
 494 0072 01       		.uleb128 0x1
 495 0073 31       		.uleb128 0x31
 496 0074 13       		.uleb128 0x13
 497 0075 01       		.uleb128 0x1
 498 0076 13       		.uleb128 0x13
 499 0077 00       		.byte	0
 500 0078 00       		.byte	0
 501 0079 08       		.uleb128 0x8
 502 007a 8A8201   		.uleb128 0x410a
 503 007d 00       		.byte	0
 504 007e 02       		.uleb128 0x2
 505 007f 18       		.uleb128 0x18
 506 0080 9142     		.uleb128 0x2111
 507 0082 18       		.uleb128 0x18
 508 0083 00       		.byte	0
 509 0084 00       		.byte	0
 510 0085 09       		.uleb128 0x9
 511 0086 898201   		.uleb128 0x4109
 512 0089 01       		.byte	0x1
 513 008a 11       		.uleb128 0x11
 514 008b 01       		.uleb128 0x1
 515 008c 31       		.uleb128 0x31
 516 008d 13       		.uleb128 0x13
 517 008e 00       		.byte	0
 518 008f 00       		.byte	0
 519 0090 0A       		.uleb128 0xa
 520 0091 24       		.uleb128 0x24
 521 0092 00       		.byte	0
 522 0093 0B       		.uleb128 0xb
 523 0094 0B       		.uleb128 0xb
 524 0095 3E       		.uleb128 0x3e
 525 0096 0B       		.uleb128 0xb
 526 0097 03       		.uleb128 0x3
 527 0098 0E       		.uleb128 0xe
 528 0099 00       		.byte	0
 529 009a 00       		.byte	0
 530 009b 0B       		.uleb128 0xb
 531 009c 24       		.uleb128 0x24
 532 009d 00       		.byte	0
 533 009e 0B       		.uleb128 0xb
ARM GAS  C:\Users\ELIASG~1\AppData\Local\Temp\cc1JiH9u.s 			page 12


 534 009f 0B       		.uleb128 0xb
 535 00a0 3E       		.uleb128 0x3e
 536 00a1 0B       		.uleb128 0xb
 537 00a2 03       		.uleb128 0x3
 538 00a3 08       		.uleb128 0x8
 539 00a4 00       		.byte	0
 540 00a5 00       		.byte	0
 541 00a6 0C       		.uleb128 0xc
 542 00a7 898201   		.uleb128 0x4109
 543 00aa 00       		.byte	0
 544 00ab 11       		.uleb128 0x11
 545 00ac 01       		.uleb128 0x1
 546 00ad 31       		.uleb128 0x31
 547 00ae 13       		.uleb128 0x13
 548 00af 00       		.byte	0
 549 00b0 00       		.byte	0
 550 00b1 0D       		.uleb128 0xd
 551 00b2 34       		.uleb128 0x34
 552 00b3 00       		.byte	0
 553 00b4 03       		.uleb128 0x3
 554 00b5 0E       		.uleb128 0xe
 555 00b6 3A       		.uleb128 0x3a
 556 00b7 0B       		.uleb128 0xb
 557 00b8 3B       		.uleb128 0x3b
 558 00b9 0B       		.uleb128 0xb
 559 00ba 49       		.uleb128 0x49
 560 00bb 13       		.uleb128 0x13
 561 00bc 3F       		.uleb128 0x3f
 562 00bd 19       		.uleb128 0x19
 563 00be 02       		.uleb128 0x2
 564 00bf 18       		.uleb128 0x18
 565 00c0 00       		.byte	0
 566 00c1 00       		.byte	0
 567 00c2 0E       		.uleb128 0xe
 568 00c3 2E       		.uleb128 0x2e
 569 00c4 00       		.byte	0
 570 00c5 3F       		.uleb128 0x3f
 571 00c6 19       		.uleb128 0x19
 572 00c7 3C       		.uleb128 0x3c
 573 00c8 19       		.uleb128 0x19
 574 00c9 6E       		.uleb128 0x6e
 575 00ca 0E       		.uleb128 0xe
 576 00cb 03       		.uleb128 0x3
 577 00cc 0E       		.uleb128 0xe
 578 00cd 3A       		.uleb128 0x3a
 579 00ce 0B       		.uleb128 0xb
 580 00cf 3B       		.uleb128 0x3b
 581 00d0 0B       		.uleb128 0xb
 582 00d1 00       		.byte	0
 583 00d2 00       		.byte	0
 584 00d3 00       		.byte	0
 585              		.section	.debug_loc,"",%progbits
 586              	.Ldebug_loc0:
 587              	.LLST0:
 588 0000 00000000 		.4byte	.LVL0
 589 0004 08000000 		.4byte	.LVL1
 590 0008 0100     		.2byte	0x1
ARM GAS  C:\Users\ELIASG~1\AppData\Local\Temp\cc1JiH9u.s 			page 13


 591 000a 50       		.byte	0x50
 592 000b 08000000 		.4byte	.LVL1
 593 000f 20000000 		.4byte	.LFE1
 594 0013 0400     		.2byte	0x4
 595 0015 F3       		.byte	0xf3
 596 0016 01       		.uleb128 0x1
 597 0017 50       		.byte	0x50
 598 0018 9F       		.byte	0x9f
 599 0019 00000000 		.4byte	0
 600 001d 00000000 		.4byte	0
 601              	.LLST1:
 602 0021 00000000 		.4byte	.LVL4
 603 0025 05000000 		.4byte	.LVL5-1
 604 0029 0100     		.2byte	0x1
 605 002b 50       		.byte	0x50
 606 002c 05000000 		.4byte	.LVL5-1
 607 0030 08000000 		.4byte	.LFE2
 608 0034 0400     		.2byte	0x4
 609 0036 F3       		.byte	0xf3
 610 0037 01       		.uleb128 0x1
 611 0038 50       		.byte	0x50
 612 0039 9F       		.byte	0x9f
 613 003a 00000000 		.4byte	0
 614 003e 00000000 		.4byte	0
 615              		.section	.debug_aranges,"",%progbits
 616 0000 44000000 		.4byte	0x44
 617 0004 0200     		.2byte	0x2
 618 0006 00000000 		.4byte	.Ldebug_info0
 619 000a 04       		.byte	0x4
 620 000b 00       		.byte	0
 621 000c 0000     		.2byte	0
 622 000e 0000     		.2byte	0
 623 0010 00000000 		.4byte	.LFB0
 624 0014 0E000000 		.4byte	.LFE0-.LFB0
 625 0018 00000000 		.4byte	.LFB1
 626 001c 20000000 		.4byte	.LFE1-.LFB1
 627 0020 00000000 		.4byte	.LFB2
 628 0024 08000000 		.4byte	.LFE2-.LFB2
 629 0028 00000000 		.4byte	.LFB3
 630 002c 08000000 		.4byte	.LFE3-.LFB3
 631 0030 00000000 		.4byte	.LFB4
 632 0034 02000000 		.4byte	.LFE4-.LFB4
 633 0038 00000000 		.4byte	.LFB5
 634 003c 02000000 		.4byte	.LFE5-.LFB5
 635 0040 00000000 		.4byte	0
 636 0044 00000000 		.4byte	0
 637              		.section	.debug_ranges,"",%progbits
 638              	.Ldebug_ranges0:
 639 0000 00000000 		.4byte	.LFB0
 640 0004 0E000000 		.4byte	.LFE0
 641 0008 00000000 		.4byte	.LFB1
 642 000c 20000000 		.4byte	.LFE1
 643 0010 00000000 		.4byte	.LFB2
 644 0014 08000000 		.4byte	.LFE2
 645 0018 00000000 		.4byte	.LFB3
 646 001c 08000000 		.4byte	.LFE3
 647 0020 00000000 		.4byte	.LFB4
ARM GAS  C:\Users\ELIASG~1\AppData\Local\Temp\cc1JiH9u.s 			page 14


 648 0024 02000000 		.4byte	.LFE4
 649 0028 00000000 		.4byte	.LFB5
 650 002c 02000000 		.4byte	.LFE5
 651 0030 00000000 		.4byte	0
 652 0034 00000000 		.4byte	0
 653              		.section	.debug_line,"",%progbits
 654              	.Ldebug_line0:
 655 0000 94000000 		.section	.debug_str,"MS",%progbits,1
 655      02001C00 
 655      00000201 
 655      FB0E0D00 
 655      01010101 
 656              	.LASF0:
 657 0000 49324350 		.ascii	"I2CP_I2CMasterSendStart\000"
 657      5F493243 
 657      4D617374 
 657      65725365 
 657      6E645374 
 658              	.LASF1:
 659 0018 49324350 		.ascii	"I2CP_I2CMasterWriteByte\000"
 659      5F493243 
 659      4D617374 
 659      65725772 
 659      69746542 
 660              	.LASF3:
 661 0030 4932435F 		.ascii	"I2C_Write\000"
 661      57726974 
 661      6500
 662              	.LASF12:
 663 003a 6932632E 		.ascii	"i2c.c\000"
 663      6300
 664              	.LASF6:
 665 0040 4932435F 		.ascii	"I2C_Stop\000"
 665      53746F70 
 665      00
 666              	.LASF9:
 667 0049 4932435F 		.ascii	"I2C_ClearFlag\000"
 667      436C6561 
 667      72466C61 
 667      6700
 668              	.LASF14:
 669 0057 666C6167 		.ascii	"flagRTII2C\000"
 669      52544949 
 669      324300
 670              	.LASF8:
 671 0062 6E6F7044 		.ascii	"nopDelay\000"
 671      656C6179 
 671      00
 672              	.LASF2:
 673 006b 756E7369 		.ascii	"unsigned char\000"
 673      676E6564 
 673      20636861 
 673      7200
 674              	.LASF10:
 675 0079 4949435F 		.ascii	"IIC_RTI\000"
 675      52544900 
 676              	.LASF4:
ARM GAS  C:\Users\ELIASG~1\AppData\Local\Temp\cc1JiH9u.s 			page 15


 677 0081 4932435F 		.ascii	"I2C_WriteFor\000"
 677      57726974 
 677      65466F72 
 677      00
 678              	.LASF5:
 679 008e 64617461 		.ascii	"data\000"
 679      00
 680              	.LASF11:
 681 0093 474E5520 		.ascii	"GNU C11 5.4.1 20160609 (release) [ARM/embedded-5-br"
 681      43313120 
 681      352E342E 
 681      31203230 
 681      31363036 
 682 00c6 616E6368 		.ascii	"anch revision 237715] -mcpu=cortex-m0 -mthumb -g -O"
 682      20726576 
 682      6973696F 
 682      6E203233 
 682      37373135 
 683 00f9 67202D66 		.ascii	"g -ffunction-sections -ffat-lto-objects\000"
 683      66756E63 
 683      74696F6E 
 683      2D736563 
 683      74696F6E 
 684              	.LASF7:
 685 0121 49324350 		.ascii	"I2CP_I2CMasterSendStop\000"
 685      5F493243 
 685      4D617374 
 685      65725365 
 685      6E645374 
 686              	.LASF13:
 687 0138 433A5C55 		.ascii	"C:\\Users\\Elias g\\FDRM-kl25z\\Timer_Example\\Desi"
 687      73657273 
 687      5C456C69 
 687      61732067 
 687      5C464452 
 688 0166 676E3031 		.ascii	"gn01.cydsn\000"
 688      2E637964 
 688      736E00
 689              		.ident	"GCC: (GNU Tools for ARM Embedded Processors) 5.4.1 20160609 (release) [ARM/embedded-5-bran
